"../../../Engine/Content/Functions/Engine_MaterialFunctions01/Opacity/CameraDepthFade.uasset" 0
"../../../Engine/Content/EngineMaterials/T_Default_Material_Grid_M.uasset" 1
"../../../Engine/Content/EngineMaterials/T_Default_Material_Grid_N.uasset" 2
"../../../Engine/Content/EngineMaterials/WorldGridMaterial.uasset" 3
"../../../Engine/Content/ArtTools/RenderToTexture/Meshes/S_1_Unit_Plane.uasset" 4
"../../../Engine/Content/EngineMaterials/DefaultMaterial.uasset" 5
"../../../Engine/Content/BasicShapes/Cone.uasset" 6
"../../../Engine/Content/BasicShapes/Cylinder.uasset" 7
"../../../Engine/Content/BasicShapes/Sphere.uasset" 8
"../../../Engine/Content/EngineMaterials/DefaultPhysicalMaterial.uasset" 9
"../../../Engine/Content/BufferVisualization/AmbientOcclusion.uasset" 10
"../../../Engine/Content/BufferVisualization/BaseColor.uasset" 11
"../../../Engine/Content/BufferVisualization/CustomDepth.uasset" 12
"../../../Engine/Content/Functions/Engine_MaterialFunctions02/Utility/VectorLength.uasset" 13
"../../../Engine/Content/BufferVisualization/CustomDepthWorldUnits.uasset" 14
"../../../Engine/Content/Functions/Engine_MaterialFunctions02/Utility/BreakOutFloat2Components.uasset" 15
"../../../Engine/Content/Functions/Engine_MaterialFunctions01/Texturing/ScaleUVsByCenter.uasset" 16
"../../../Engine/Content/Functions/Engine_MaterialFunctions02/ScreenResolution.uasset" 17
"../../../Engine/Content/Functions/Engine_MaterialFunctions02/Texturing/ScreenAlignedUVs.uasset" 18
"../../../Engine/Content/Functions/Engine_MaterialFunctions02/Utility/MakeFloat2.uasset" 19
"../../../Engine/Content/Functions/Engine_MaterialFunctions02/Utility/MakeFloat3.uasset" 20
"../../../Engine/Content/EngineMaterials/MiniFont.uasset" 21
"../../../Engine/Content/BufferVisualization/CustomStencil.uasset" 22
"../../../Engine/Content/BufferVisualization/FinalImage.uasset" 23
"../../../Engine/Content/BufferVisualization/LightingModel.uasset" 24
"../../../Engine/Content/BufferVisualization/MaterialAO.uasset" 25
"../../../Engine/Content/BufferVisualization/Metallic.uasset" 26
"../../../Engine/Content/BufferVisualization/Opacity.uasset" 27
"../../../Engine/Content/BufferVisualization/PostTonemapHDRColor.uasset" 28
"../../../Engine/Content/BufferVisualization/PreTonemapHDRColor.uasset" 29
"../../../Engine/Content/BufferVisualization/Roughness.uasset" 30
"../../../Engine/Content/BufferVisualization/SceneColor.uasset" 31
"../../../Engine/Content/BufferVisualization/SceneDepth.uasset" 32
"../../../Engine/Content/BufferVisualization/SceneDepthWorldUnits.uasset" 33
"../../../Engine/Content/BufferVisualization/SeparateTranslucencyA.uasset" 34
"../../../Engine/Content/BufferVisualization/SeparateTranslucencyRGB.uasset" 35
"../../../Engine/Content/BufferVisualization/Specular.uasset" 36
"../../../Engine/Content/BufferVisualization/SubsurfaceColor.uasset" 37
"../../../Engine/Content/BufferVisualization/Velocity.uasset" 38
"../../../Engine/Content/BufferVisualization/WorldNormal.uasset" 39
"../../../Engine/Content/EditorLandscapeResources/DataLayer.uasset" 40
"../../../Engine/Content/EditorLandscapeResources/DefaultAlphaTexture.uasset" 41
"../../../Engine/Content/EditorLandscapeResources/LandscapeGizmoHeight_Mat.uasset" 42
"../../../Engine/Content/EditorLandscapeResources/LandscapeGizmo_Mat.uasset" 43
"../../../Engine/Content/EditorLandscapeResources/LandscapeGizmo_Mat_Copied.uasset" 44
"../../../Engine/Content/EditorLandscapeResources/SplineEditorMeshMat.uasset" 45
"../../../Engine/Content/EditorLandscapeResources/SplineEditorMesh.uasset" 46
"../../../Engine/Content/EditorMaterials/Cross.uasset" 47
"../../../Engine/Content/EditorMaterials/Cross_Mat.uasset" 48
"../../../Engine/Content/EditorMaterials/GizmoMaterial.uasset" 49
"../../../Engine/Content/Functions/Engine_MaterialFunctions02/ExampleContent/Textures/flipbook.uasset" 50
"../../../Engine/Content/Functions/Engine_MaterialFunctions02/Texturing/FlipBook.uasset" 51
"../../../Engine/Content/Functions/Engine_MaterialFunctions02/Utility/Sign.uasset" 52
"../../../Engine/Content/Functions/Engine_MaterialFunctions02/Utility/Round.uasset" 53
"../../../Engine/Content/EditorResources/T_EditorHelp.uasset" 54
"../../../Engine/Content/EditorMaterials/HelpActorMaterial.uasset" 55
"../../../Engine/Content/EditorMaterials/CompositeARGBLayer.uasset" 56
"../../../Engine/Content/EditorMaterials/TilingAALineIntegral.uasset" 57
"../../../Engine/Content/EditorMaterials/TilingAALineBoxFiltered.uasset" 58
"../../../Engine/Content/Functions/Engine_MaterialFunctions03/Procedurals/ComputeFilterWidth.uasset" 59
"../../../Engine/Content/EditorMaterials/TilingAADots.uasset" 60
"../../../Engine/Content/EngineMaterials/BlendFunc_DefBase.uasset" 61
"../../../Engine/Content/EngineMaterials/BlendFunc_DefBlend.uasset" 62
"../../../Engine/Content/Functions/Engine_MaterialFunctions03/Blends/Blend_Screen.uasset" 63
"../../../Engine/Content/EditorMaterials/TilingAAGrid.uasset" 64
"../../../Engine/Content/EditorMaterials/LevelGridMaterial.uasset" 65
"../../../Engine/Content/EditorMaterials/MakeCompositeARGBLayer.uasset" 66
"../../../Engine/Content/EditorResources/LevelGrid1DStripes.uasset" 67
"../../../Engine/Content/EditorMaterials/TextureGridCascaded1D.uasset" 68
"../../../Engine/Content/EditorMaterials/TextureGridCascaded2D.uasset" 69
"../../../Engine/Content/EditorMaterials/LevelGridMaterial2.uasset" 70
"../../../Engine/Content/EditorMaterials/MAT_Groups_Toggle.uasset" 71
"../../../Engine/Content/EditorMaterials/MAT_Groups_Visibility.uasset" 72
"../../../Engine/Content/EditorMaterials/PhAT_BoneSelectedMaterial.uasset" 73
"../../../Engine/Content/EditorMaterials/PhAT_ElemSelectedMaterial.uasset" 74
"../../../Engine/Content/EditorMaterials/PhAT_NoCollisionMaterial.uasset" 75
"../../../Engine/Content/EditorMaterials/PhAT_UnselectedMaterial.uasset" 76
"../../../Engine/Content/EditorMaterials/PreviewShadowIndicator.uasset" 77
"../../../Engine/Content/EditorMaterials/PreviewShadowIndicatorMaterial.uasset" 78
"../../../Engine/Content/EditorMaterials/TargetIcon.uasset" 79
"../../../Engine/Content/EditorMaterials/Tick.uasset" 80
"../../../Engine/Content/EditorMaterials/Tick_Mat.uasset" 81
"../../../Engine/Content/EditorMaterials/WidgetGridVertexColorMaterial.uasset" 82
"../../../Engine/Content/EditorMaterials/WidgetGridVertexColorMaterial_Ma.uasset" 83
"../../../Engine/Content/EditorMaterials/WidgetMaterial.uasset" 84
"../../../Engine/Content/EditorMaterials/WidgetMaterial_Current.uasset" 85
"../../../Engine/Content/EditorMaterials/WidgetMaterial_X.uasset" 86
"../../../Engine/Content/EditorMaterials/WidgetMaterial_Y.uasset" 87
"../../../Engine/Content/EditorMaterials/WidgetMaterial_Z.uasset" 88
"../../../Engine/Content/EditorMaterials/WidgetVertexColorMaterial.uasset" 89
"../../../Engine/Content/EditorMaterials/AssetViewer/EpicQuadPanorama_CC+EV1.uasset" 90
"../../../Engine/Content/MapTemplates/Sky/SunsetAmbientCubemap.uasset" 91
"../../../Engine/Content/EditorMaterials/AssetViewer/M_SkyBox.uasset" 92
"../../../Engine/Content/EditorMaterials/MatineeGroups/MAT_ColorTrack.uasset" 93
"../../../Engine/Content/EditorMaterials/MatineeGroups/MAT_Groups_Anim.uasset" 94
"../../../Engine/Content/EditorMaterials/MatineeGroups/MAT_Groups_AudioMaster.uasset" 95
"../../../Engine/Content/EditorMaterials/MatineeGroups/MAT_Groups_Director.uasset" 96
"../../../Engine/Content/EditorMaterials/MatineeGroups/MAT_Groups_Event.uasset" 97
"../../../Engine/Content/EditorMaterials/MatineeGroups/MAT_Groups_Fade.uasset" 98
"../../../Engine/Content/EditorMaterials/MatineeGroups/MAT_Groups_Float.uasset" 99
"../../../Engine/Content/EditorMaterials/MatineeGroups/MAT_Groups_Move.uasset" 100
"../../../Engine/Content/EditorMaterials/MatineeGroups/MAT_Groups_Slomo.uasset" 101
"../../../Engine/Content/EditorMaterials/MatineeGroups/MAT_Groups_Sound.uasset" 102
"../../../Engine/Content/EditorMaterials/MatineeGroups/MAT_Groups_Vector.uasset" 103
"../../../Engine/Content/EditorMaterials/ParticleSystems/PSysThumbnail_NoImage.uasset" 104
"../../../Engine/Content/EditorMaterials/ParticleSystems/PSysThumbnail_OOD.uasset" 105
"../../../Engine/Content/EngineMaterials/Grid.uasset" 106
"../../../Engine/Content/EditorMaterials/Thumbnails/FloorPlaneMaterial.uasset" 107
"../../../Engine/Content/EditorMeshes/EditorCube.uasset" 108
"../../../Engine/Content/EditorMeshes/EditorCylinder.uasset" 109
"../../../Engine/Content/EditorMeshes/EditorPlane.uasset" 110
"../../../Engine/Content/EditorMaterials/Thumbnails/SkySphereMaterial.uasset" 111
"../../../Engine/Content/EditorMeshes/EditorSkySphere.uasset" 112
"../../../Engine/Content/EditorMeshes/EditorSphere.uasset" 113
"../../../Engine/Content/EditorResources/MatineeCam_D.uasset" 114
"../../../Engine/Content/EditorMaterials/MatineeCam_mat.uasset" 115
"../../../Engine/Content/EditorMeshes/MatineeCam_SM.uasset" 116
"../../../Engine/Content/EditorMeshes/PlanarReflectionPlane.uasset" 117
"../../../Engine/Content/Functions/Engine_MaterialFunctions01/Shading/ConvertFromDiffSpec.uasset" 118
"../../../Engine/Content/EditorMaterials/GridMaterial.uasset" 119
"../../../Engine/Content/EditorMeshes/AssetViewer/Floor_Mesh.uasset" 120
"../../../Engine/Content/EditorMeshes/AssetViewer/Sphere_inversenormals.uasset" 121
"../../../Engine/Content/EditorMaterials/Camera/CineMat.uasset" 122
"../../../Engine/Content/EditorMaterials/Camera/MI_CineMat_CameraBody.uasset" 123
"../../../Engine/Content/EngineDebugMaterials/M_SimpleOpaque.uasset" 124
"../../../Engine/Content/EditorMaterials/Camera/MI_CineMat_CamViewFinder.uasset" 125
"../../../Engine/Content/EditorMeshes/Camera/SM_CineCam.uasset" 126
"../../../Engine/Content/EditorMaterials/Camera/MI_CineMat_Rig.uasset" 127
"../../../Engine/Content/EditorMeshes/Camera/SM_CraneRig_Arm.uasset" 128
"../../../Engine/Content/EditorMeshes/Camera/SM_CraneRig_Base.uasset" 129
"../../../Engine/Content/EditorMeshes/Camera/SM_CraneRig_Body.uasset" 130
"../../../Engine/Content/EditorMeshes/Camera/SM_CraneRig_Mount.uasset" 131
"../../../Engine/Content/EditorMeshes/Camera/SM_RailRig_Mount.uasset" 132
"../../../Engine/Content/EditorMeshes/Camera/SM_RailRig_Track.uasset" 133
"../../../Engine/Content/EditorMeshes/ColorCalibrator/M_ChromeBall.uasset" 134
"../../../Engine/Content/EditorResources/Bad.uasset" 135
"../../../Engine/Content/EditorResources/BSPVertex.uasset" 136
"../../../Engine/Content/EditorResources/EmptyActor.uasset" 137
"../../../Engine/Content/EditorResources/MatInstActSprite.uasset" 138
"../../../Engine/Content/EditorResources/SceneManager.uasset" 139
"../../../Engine/Content/EditorResources/SmallFont.uasset" 140
"../../../Engine/Content/EditorResources/S_Actor.uasset" 141
"../../../Engine/Content/EditorResources/S_DecalActorIcon.uasset" 142
"../../../Engine/Content/EditorResources/S_Emitter.uasset" 143
"../../../Engine/Content/EditorResources/S_ExpoHeightFog.uasset" 144
"../../../Engine/Content/EditorResources/S_FTest.uasset" 145
"../../../Engine/Content/EditorResources/S_KBSJoint.uasset" 146
"../../../Engine/Content/EditorResources/S_KHinge.uasset" 147
"../../../Engine/Content/EditorResources/S_KPrismatic.uasset" 148
"../../../Engine/Content/EditorResources/S_LevelSequence.uasset" 149
"../../../Engine/Content/EditorResources/S_NavP.uasset" 150
"../../../Engine/Content/EditorResources/S_Note.uasset" 151
"../../../Engine/Content/EditorResources/S_Player.uasset" 152
"../../../Engine/Content/EditorResources/S_PortalActorIcon2.uasset" 153
"../../../Engine/Content/EditorResources/S_RadForce.uasset" 154
"../../../Engine/Content/EditorResources/S_ReflActorIcon.uasset" 155
"../../../Engine/Content/EditorResources/S_Solver.uasset" 156
"../../../Engine/Content/EditorResources/S_Terrain.uasset" 157
"../../../Engine/Content/EditorResources/S_TextRenderActorIcon.uasset" 158
"../../../Engine/Content/EditorResources/S_Thruster.uasset" 159
"../../../Engine/Content/EditorResources/S_Trigger.uasset" 160
"../../../Engine/Content/EditorResources/S_VectorFieldVol.uasset" 161
"../../../Engine/Content/EditorResources/S_WindDirectional.uasset" 162
"../../../Engine/Content/EditorResources/AI/S_NavLink.uasset" 163
"../../../Engine/Content/EditorResources/LightIcons/SkyLight.uasset" 164
"../../../Engine/Content/EditorResources/LightIcons/S_LightDirectional.uasset" 165
"../../../Engine/Content/EditorResources/LightIcons/S_LightDirectionalMove.uasset" 166
"../../../Engine/Content/EditorResources/LightIcons/S_LightError.uasset" 167
"../../../Engine/Content/EditorResources/LightIcons/S_LightPoint.uasset" 168
"../../../Engine/Content/EditorResources/LightIcons/S_LightPointMove.uasset" 169
"../../../Engine/Content/EditorResources/LightIcons/S_LightSpot.uasset" 170
"../../../Engine/Content/EditorResources/LightIcons/S_LightSpotMove.uasset" 171
"../../../Engine/Content/EditorResources/SequenceRecorder/Countdown.uasset" 172
"../../../Engine/Content/EditorResources/SequenceRecorder/RecordingIndicator.uasset" 173
"../../../Engine/Content/EditorResources/Spline/T_Loft_Spline.uasset" 174
"../../../Engine/Content/EditorSounds/Notifications/CompileFailed.uasset" 175
"../../../Engine/Content/EditorSounds/Notifications/CompileFailed_Cue.uasset" 176
"../../../Engine/Content/EditorSounds/Notifications/CompileSuccess.uasset" 177
"../../../Engine/Content/EditorSounds/Notifications/CompileStart_Cue.uasset" 178
"../../../Engine/Content/EditorSounds/Notifications/CompileSuccess_Cue.uasset" 179
"../../../Engine/Content/EngineDamageTypes/DmgTypeBP_Environmental.uasset" 180
"../../../Engine/Content/EngineDebugMaterials/HeatmapGradient.uasset" 181
"../../../Engine/Content/EngineDebugMaterials/BoneWeightMaterial.uasset" 182
"../../../Engine/Content/EngineDebugMaterials/ClothMaterial.uasset" 183
"../../../Engine/Content/EngineDebugMaterials/ClothMaterial_WF.uasset" 184
"../../../Engine/Content/EngineDebugMaterials/DebugEditorMaterial.uasset" 185
"../../../Engine/Content/EngineDebugMaterials/DebugMeshMaterial.uasset" 186
"../../../Engine/Content/EngineDebugMaterials/GeomMaterial.uasset" 187
"../../../Engine/Content/EngineDebugMaterials/LevelColorationLitMaterial.uasset" 188
"../../../Engine/Content/EngineDebugMaterials/LevelColorationUnlitMaterial.uasset" 189
"../../../Engine/Content/EngineMaterials/DefaultWhiteGrid.uasset" 190
"../../../Engine/Content/EngineDebugMaterials/MAT_LevelColorationLitLightmapUV.uasset" 191
"../../../Engine/Content/EngineDebugMaterials/M_SimpleTranslucent.uasset" 192
"../../../Engine/Content/Functions/Engine_MaterialFunctions02/Utility/CameraDirectionVector.uasset" 193
"../../../Engine/Content/EngineDebugMaterials/VolumeToRender.uasset" 194
"../../../Engine/Content/EngineDebugMaterials/M_VolumeRenderSphereTracePP.uasset" 195
"../../../Engine/Content/EngineDebugMaterials/ShadedLevelColorationLitMaterial.uasset" 196
"../../../Engine/Content/EngineDebugMaterials/ShadedLevelColorationUnlitMateri.uasset" 197
"../../../Engine/Content/EngineDebugMaterials/VertexColorMaterial.uasset" 198
"../../../Engine/Content/EngineDebugMaterials/VertexColorViewMode_AlphaAsColor.uasset" 199
"../../../Engine/Content/EngineDebugMaterials/VertexColorViewMode_BlueOnly.uasset" 200
"../../../Engine/Content/EngineDebugMaterials/VertexColorViewMode_ColorOnly.uasset" 201
"../../../Engine/Content/EngineDebugMaterials/VertexColorViewMode_GreenOnly.uasset" 202
"../../../Engine/Content/EngineDebugMaterials/VertexColorViewMode_RedOnly.uasset" 203
"../../../Engine/Content/EngineDebugMaterials/WireframeMaterial.uasset" 204
"../../../Engine/Content/EngineFonts/Faces/RobotoBold.uasset" 205
"../../../Engine/Content/EngineFonts/Faces/RobotoBoldItalic.uasset" 206
"../../../Engine/Content/EngineFonts/Faces/RobotoItalic.uasset" 207
"../../../Engine/Content/EngineFonts/Faces/RobotoLight.uasset" 208
"../../../Engine/Content/EngineFonts/Faces/RobotoRegular.uasset" 209
"../../../Engine/Content/EngineFonts/Roboto.uasset" 210
"../../../Engine/Content/EngineFonts/Faces/RobotoTiny.uasset" 211
"../../../Engine/Content/EngineFonts/RobotoTiny.uasset" 212
"../../../Engine/Content/EngineFonts/SmallFont.uasset" 213
"../../../Engine/Content/EngineFonts/TinyFont.uasset" 214
"../../../Engine/Content/EngineMaterials/BaseFlattenDiffuseMap.uasset" 215
"../../../Engine/Content/EngineMaterials/BaseFlattenEmissiveMap.uasset" 216
"../../../Engine/Content/EngineMaterials/BaseFlattenGrayscaleMap.uasset" 217
"../../../Engine/Content/EngineMaterials/BaseFlattenNormalMap.uasset" 218
"../../../Engine/Content/EngineMaterials/BaseFlattenMaterial.uasset" 219
"../../../Engine/Content/EngineResources/WhiteSquareTexture.uasset" 220
"../../../Engine/Content/EngineMaterials/BlinkingCaret.uasset" 221
"../../../Engine/Content/EngineMaterials/BlueNoise.uasset" 222
"../../../Engine/Content/EngineMaterials/DefaultBloomKernel.uasset" 223
"../../../Engine/Content/EngineMaterials/DefaultBokeh.uasset" 224
"../../../Engine/Content/EngineMaterials/DefaultDiffuse.uasset" 225
"../../../Engine/Content/EngineMaterials/DefaultDeferredDecalMaterial.uasset" 226
"../../../Engine/Content/EngineMaterials/DefaultLightFunctionMaterial.uasset" 227
"../../../Engine/Content/EngineMaterials/DefaultNormal.uasset" 228
"../../../Engine/Content/EngineMaterials/DefaultPostProcessMaterial.uasset" 229
"../../../Engine/Content/EngineFonts/RobotoDistanceField.uasset" 230
"../../../Engine/Content/EngineMaterials/DefaultTextMaterialOpaque.uasset" 231
"../../../Engine/Content/EngineMaterials/DefaultVirtualTextureMaterial.uasset" 232
"../../../Engine/Content/EngineMaterials/EditorBrushMaterial.uasset" 233
"../../../Engine/Content/EngineMaterials/DefaultWhiteGrid_Low.uasset" 234
"../../../Engine/Content/EngineMaterials/EmissiveMeshMaterial.uasset" 235
"../../../Engine/Content/EngineMaterials/Good64x64TilingNoiseHighFreq.uasset" 236
"../../../Engine/Content/EngineMaterials/Grid_N.uasset" 237
"../../../Engine/Content/EngineMaterials/HighResolutionScreenshotMaskFunction.uasset" 238
"../../../Engine/Content/EngineMaterials/HighResScreenshot.uasset" 239
"../../../Engine/Content/EngineMaterials/HighResScreenshotCaptureRegion.uasset" 240
"../../../Engine/Content/EngineMaterials/HighResScreenshotMask.uasset" 241
"../../../Engine/Content/EngineMaterials/LandscapeHolePhysicalMaterial.uasset" 242
"../../../Engine/Content/EngineMaterials/InvalidLightmapSettings.uasset" 243
"../../../Engine/Content/EngineMaterials/M_InvalidLightmapSettings.uasset" 244
"../../../Engine/Content/EngineMaterials/PaperDiffuse.uasset" 245
"../../../Engine/Content/EngineMaterials/PaperNormal.uasset" 246
"../../../Engine/Content/Functions/Engine_MaterialFunctions02/WorldPositionOffset/CameraOffset.uasset" 247
"../../../Engine/Content/EngineMaterials/PhAT_JointLimitMaterial.uasset" 248
"../../../Engine/Content/EngineMaterials/PhysMat_Rubber.uasset" 249
"../../../Engine/Content/EngineMaterials/PreintegratedSkinBRDF.uasset" 250
"../../../Engine/Content/EngineMaterials/RemoveSurfaceMaterial.uasset" 251
"../../../Engine/Content/EngineMaterials/WeightMapPlaceholderTexture.uasset" 252
"../../../Engine/Content/EngineMaterials/Widget3DPassThrough.uasset" 253
"../../../Engine/Content/EngineMaterials/Widget3DPassThrough_Masked.uasset" 254
"../../../Engine/Content/EngineMaterials/Widget3DPassThrough_Opaque.uasset" 255
"../../../Engine/Content/EngineMaterials/Widget3DPassThrough_Masked_OneSided.uasset" 256
"../../../Engine/Content/EngineMaterials/Widget3DPassThrough_Opaque_OneSided.uasset" 257
"../../../Engine/Content/EngineMaterials/Widget3DPassThrough_Translucent.uasset" 258
"../../../Engine/Content/EngineMaterials/Widget3DPassThrough_Translucent_OneSided.uasset" 259
"../../../Engine/Content/EngineMeshes/Cylinder.uasset" 260
"../../../Engine/Content/EngineMeshes/Sphere.uasset" 261
"../../../Engine/Content/EngineResources/Black.uasset" 262
"../../../Engine/Content/EngineResources/DefaultTexture.uasset" 263
"../../../Engine/Content/EngineResources/DefaultTextureCube.uasset" 264
"../../../Engine/Content/EngineResources/DefaultVolumeTexture2D.uasset" 265
"../../../Engine/Content/EngineResources/DefaultVolumeTexture.uasset" 266
"../../../Engine/Content/EngineResources/GradientTexture0.uasset" 267
"../../../Engine/Content/EngineResources/StreamingPauseIcon.uasset" 268
"../../../Engine/Content/EngineResources/M_StreamingPause.uasset" 269
"../../../Engine/Content/EditorBlueprintResources/StandardMacros.uasset" 270
"../../../Engine/Content/EngineSky/C_Sky_Cloud_Color.uasset" 271
"../../../Engine/Content/EngineSky/C_Sky_Horizon_Color.uasset" 272
"../../../Engine/Content/EngineSky/C_Sky_Zenith_Color.uasset" 273
"../../../Engine/Content/EngineSky/T_Sky_Blue.uasset" 274
"../../../Engine/Content/EngineSky/T_Sky_Clouds_M.uasset" 275
"../../../Engine/Content/EngineSky/T_Sky_Stars.uasset" 276
"../../../Engine/Content/EngineSky/M_Sky_Panning_Clouds2.uasset" 277
"../../../Engine/Content/EngineSky/SM_SkySphere.uasset" 278
"../../../Engine/Content/EngineSky/BP_Sky_Sphere.uasset" 279
"../../../Engine/Content/EngineSounds/Master.uasset" 280
"../../../Engine/Content/Functions/Engine_MaterialFunctions01/Shading/PowerToRoughness.uasset" 281
"../../../Engine/Content/Maps/Templates/Thumbnails/Default.uasset" 282
"../../../Engine/Content/Maps/Templates/Thumbnails/VR-Basic.uasset" 283
"../../../Engine/Content/MapTemplates/SM_Template_Map_Floor.uasset" 284
"../../../Engine/Content/MapTemplates/Sky/DaylightAmbientCubemap.uasset" 285
"../../../Engine/Content/MobileResources/T_MobileControls_texture.uasset" 286
"../../../Engine/Content/MobileResources/T_MobileMenu2.uasset" 287
"../../../Engine/Content/MobileResources/HUD/AnalogHat.uasset" 288
"../../../Engine/Content/MobileResources/HUD/VirtualJoystick_Background.uasset" 289
"../../../Engine/Content/MobileResources/HUD/VirtualJoystick_Thumb.uasset" 290
"../../../Engine/Content/MobileResources/HUD/DefaultVirtualJoysticks.uasset" 291
"../../../Engine/Content/MobileResources/HUD/LeftVirtualJoystickOnly.uasset" 292
"../../../Engine/Content/MobileResources/HUD/MobileHUDButton1_off.uasset" 293
"../../../Engine/Content/MobileResources/HUD/MobileHUDButton1_on.uasset" 294
"../../../Engine/Content/MobileResources/HUD/MobileHUDButton2_off.uasset" 295
"../../../Engine/Content/MobileResources/HUD/MobileHUDButton2_on.uasset" 296
"../../../Engine/Content/MobileResources/HUD/MobileHUDButton3.uasset" 297
"../../../Engine/Content/MobileResources/HUD/MobileHUDButtonFire.uasset" 298
"../../../Engine/Content/MobileResources/HUD/MobileHUDDirectionPad.uasset" 299
"../../../Engine/Content/MobileResources/HUD/MobileHUDDirectionPad2.uasset" 300
"../../../Engine/Content/MobileResources/HUD/MobileHUDDirectionPad3.uasset" 301
"../../../Engine/Content/MobileResources/HUD/MobileHUDDirectionStick.uasset" 302
"../../../Engine/Content/MobileResources/HUD/T_Castle_ThumbstickInner.uasset" 303
"../../../Engine/Content/MobileResources/HUD/T_Castle_ThumbstickOutter.uasset" 304
"../../../Engine/Content/Tutorial/ContentIntroCurve.uasset" 305
"../../../Engine/Content/Tutorial/Basics/LevelEditorAttract.uasset" 306
"../../../Engine/Content/Tutorial/Basics/TutorialAssets/icon_tab_Levels_40x.uasset" 307
"../../../Engine/Content/Tutorial/Basics/LevelEditorOverview.uasset" 308
"../../../Engine/Content/Tutorial/Mobile/TutorialAssets/android_Icon.uasset" 309
"../../../Engine/Content/Tutorial/Mobile/SettingUpAndroidTutorial.uasset" 310
"../../../Engine/Content/Tutorial/SubEditors/MaterialEditorTutorial.uasset" 311
"../../../Engine/Content/Tutorial/SubEditors/TutorialAssets/TutorialMaterial.uasset" 312
"../../../Engine/Content/VREditor/LaserPointer/VR_LaserPower_01.uasset" 313
"../../../Engine/Content/VREditor/TransformGizmo/TransformGizmoMaterial.uasset" 314
"../../../Engine/Content/VREditor/TransformGizmo/TranslucentTransformGizmoMaterial.uasset" 315
"../../../Engine/Content/VREditor/TransformGizmo/BoundingBoxCorner.uasset" 316
"../../../Engine/Content/VREditor/TransformGizmo/BoundingBoxEdge.uasset" 317
"../../../Engine/Content/VREditor/TransformGizmo/PlaneTranslationHandle.uasset" 318
"../../../Engine/Content/VREditor/TransformGizmo/Main.uasset" 319
"../../../Engine/Content/VREditor/TransformGizmo/Xray.uasset" 320
"../../../Engine/Content/VREditor/TransformGizmo/SM_Sequencer_Key.uasset" 321
"../../../Engine/Content/VREditor/TransformGizmo/SM_Sequencer_Node.uasset" 322
"../../../Engine/Content/Animation/DefaultAnimCurveCompressionSettings.uasset" 323
"../../../../../Users/vijay.SILVIA/Documents/Unreal Projects/Timenox/Content/Music/MP/Cyberpunk_Moonlight_Sonata_v2.uasset" 324
"../../../../../Users/vijay.SILVIA/Documents/Unreal Projects/Timenox/Content/Music/T_Music.uasset" 325
"../../../../../Users/vijay.SILVIA/Documents/Unreal Projects/Timenox/Content/Music/T_SFX.uasset" 326
"../../../../../Users/vijay.SILVIA/Documents/Unreal Projects/Timenox/Content/Music/T_Master.uasset" 327
"../../../../../Users/vijay.SILVIA/Documents/Unreal Projects/Timenox/Content/Music/MP/n-Dimensions__Main_Theme_.uasset" 328
"../../../../../Users/vijay.SILVIA/Documents/Unreal Projects/Timenox/Content/Music/MP/Orbital_Colossus.uasset" 329
"../../../../../Users/vijay.SILVIA/Documents/Unreal Projects/Timenox/Content/Music/MP/Red_Doors_2_0__GameClosure_Edition_.uasset" 330
"../../../../../Users/vijay.SILVIA/Documents/Unreal Projects/Timenox/Content/Music/MP/Thrust_Sequence.uasset" 331
"../../../../../Users/vijay.SILVIA/Documents/Unreal Projects/Timenox/Content/scifi_kitbash/textures/T_Wall01_AO.uasset" 332
"../../../../../Users/vijay.SILVIA/Documents/Unreal Projects/Timenox/Content/scifi_kitbash/textures/T_Wall01_BC.uasset" 333
"../../../../../Users/vijay.SILVIA/Documents/Unreal Projects/Timenox/Content/scifi_kitbash/textures/T_Wall01_MT.uasset" 334
"../../../../../Users/vijay.SILVIA/Documents/Unreal Projects/Timenox/Content/scifi_kitbash/textures/T_Wall01_N.uasset" 335
"../../../../../Users/vijay.SILVIA/Documents/Unreal Projects/Timenox/Content/scifi_kitbash/textures/T_Wall01_R.uasset" 336
"../../../../../Users/vijay.SILVIA/Documents/Unreal Projects/Timenox/Content/scifi_kitbash/materials/M_Wall01.uasset" 337
"../../../../../Users/vijay.SILVIA/Documents/Unreal Projects/Timenox/Content/scifi_kitbash/textures/T_Barrel02_AO.uasset" 338
"../../../../../Users/vijay.SILVIA/Documents/Unreal Projects/Timenox/Content/scifi_kitbash/textures/T_Barrel02_BC.uasset" 339
"../../../../../Users/vijay.SILVIA/Documents/Unreal Projects/Timenox/Content/scifi_kitbash/textures/T_Barrel02_N.uasset" 340
"../../../../../Users/vijay.SILVIA/Documents/Unreal Projects/Timenox/Content/scifi_kitbash/textures/T_Barrel02_R.uasset" 341
"../../../../../Users/vijay.SILVIA/Documents/Unreal Projects/Timenox/Content/scifi_kitbash/materials/MI_Barrel02.uasset" 342
"../../../../../Users/vijay.SILVIA/Documents/Unreal Projects/Timenox/Content/scifi_kitbash/textures/T_Container_AO.uasset" 343
"../../../../../Users/vijay.SILVIA/Documents/Unreal Projects/Timenox/Content/scifi_kitbash/textures/T_Container_dark_BC.uasset" 344
"../../../../../Users/vijay.SILVIA/Documents/Unreal Projects/Timenox/Content/scifi_kitbash/textures/T_Container_N.uasset" 345
"../../../../../Users/vijay.SILVIA/Documents/Unreal Projects/Timenox/Content/scifi_kitbash/textures/T_Container_R.uasset" 346
"../../../../../Users/vijay.SILVIA/Documents/Unreal Projects/Timenox/Content/scifi_kitbash/materials/MI_Container_Dark.uasset" 347
"../../../../../Users/vijay.SILVIA/Documents/Unreal Projects/Timenox/Content/scifi_kitbash/textures/T_Container_red_BC.uasset" 348
"../../../../../Users/vijay.SILVIA/Documents/Unreal Projects/Timenox/Content/scifi_kitbash/materials/MI_Container_Red.uasset" 349
"../../../../../Users/vijay.SILVIA/Documents/Unreal Projects/Timenox/Content/scifi_kitbash/textures/T_Floor01_AO.uasset" 350
"../../../../../Users/vijay.SILVIA/Documents/Unreal Projects/Timenox/Content/scifi_kitbash/textures/T_Floor01_N.uasset" 351
"../../../../../Users/vijay.SILVIA/Documents/Unreal Projects/Timenox/Content/scifi_kitbash/textures/T_Floor01_R.uasset" 352
"../../../../../Users/vijay.SILVIA/Documents/Unreal Projects/Timenox/Content/scifi_kitbash/materials/MI_Floor01_Grey.uasset" 353
"../../../../../Users/vijay.SILVIA/Documents/Unreal Projects/Timenox/Content/scifi_kitbash/textures/T_Floor02_AO.uasset" 354
"../../../../../Users/vijay.SILVIA/Documents/Unreal Projects/Timenox/Content/scifi_kitbash/textures/T_Floor02_BC.uasset" 355
"../../../../../Users/vijay.SILVIA/Documents/Unreal Projects/Timenox/Content/scifi_kitbash/textures/T_Floor02_N.uasset" 356
"../../../../../Users/vijay.SILVIA/Documents/Unreal Projects/Timenox/Content/scifi_kitbash/textures/T_Floor02_R.uasset" 357
"../../../../../Users/vijay.SILVIA/Documents/Unreal Projects/Timenox/Content/scifi_kitbash/materials/MI_Floor02.uasset" 358
"../../../../../Users/vijay.SILVIA/Documents/Unreal Projects/Timenox/Content/scifi_kitbash/textures/T_Floor02_Grey_A.uasset" 359
"../../../../../Users/vijay.SILVIA/Documents/Unreal Projects/Timenox/Content/scifi_kitbash/materials/MI_Floor02_Grey.uasset" 360
"../../../../../Users/vijay.SILVIA/Documents/Unreal Projects/Timenox/Content/scifi_kitbash/textures/T_Floor03_AO.uasset" 361
"../../../../../Users/vijay.SILVIA/Documents/Unreal Projects/Timenox/Content/scifi_kitbash/textures/T_Floor03_N.uasset" 362
"../../../../../Users/vijay.SILVIA/Documents/Unreal Projects/Timenox/Content/scifi_kitbash/textures/T_Floor03_Orange_BC.uasset" 363
"../../../../../Users/vijay.SILVIA/Documents/Unreal Projects/Timenox/Content/scifi_kitbash/textures/T_Floor03_R.uasset" 364
"../../../../../Users/vijay.SILVIA/Documents/Unreal Projects/Timenox/Content/scifi_kitbash/materials/MI_Floor03_Orange.uasset" 365
"../../../../../Users/vijay.SILVIA/Documents/Unreal Projects/Timenox/Content/scifi_kitbash/textures/T_Floor04_AO.uasset" 366
"../../../../../Users/vijay.SILVIA/Documents/Unreal Projects/Timenox/Content/scifi_kitbash/textures/T_Floor04_N.uasset" 367
"../../../../../Users/vijay.SILVIA/Documents/Unreal Projects/Timenox/Content/scifi_kitbash/textures/T_Floor04_R.uasset" 368
"../../../../../Users/vijay.SILVIA/Documents/Unreal Projects/Timenox/Content/scifi_kitbash/materials/MI_Floor04.uasset" 369
"../../../../../Users/vijay.SILVIA/Documents/Unreal Projects/Timenox/Content/scifi_kitbash/materials/MI_Floor04_Black.uasset" 370
"../../../../../Users/vijay.SILVIA/Documents/Unreal Projects/Timenox/Content/scifi_kitbash/textures/T_Floor05_AO.uasset" 371
"../../../../../Users/vijay.SILVIA/Documents/Unreal Projects/Timenox/Content/scifi_kitbash/textures/T_Floor05_N.uasset" 372
"../../../../../Users/vijay.SILVIA/Documents/Unreal Projects/Timenox/Content/scifi_kitbash/textures/T_Floor05_R.uasset" 373
"../../../../../Users/vijay.SILVIA/Documents/Unreal Projects/Timenox/Content/scifi_kitbash/materials/MI_Floor05.uasset" 374
"../../../../../Users/vijay.SILVIA/Documents/Unreal Projects/Timenox/Content/scifi_kitbash/textures/T_FloorConcrete_AO.uasset" 375
"../../../../../Users/vijay.SILVIA/Documents/Unreal Projects/Timenox/Content/scifi_kitbash/textures/T_FloorConcrete_BC.uasset" 376
"../../../../../Users/vijay.SILVIA/Documents/Unreal Projects/Timenox/Content/scifi_kitbash/textures/T_FloorConcrete_N.uasset" 377
"../../../../../Users/vijay.SILVIA/Documents/Unreal Projects/Timenox/Content/scifi_kitbash/textures/T_FloorConcrete_R.uasset" 378
"../../../../../Users/vijay.SILVIA/Documents/Unreal Projects/Timenox/Content/scifi_kitbash/materials/MI_FloorConcrete.uasset" 379
"../../../../../Users/vijay.SILVIA/Documents/Unreal Projects/Timenox/Content/scifi_kitbash/textures/T_Gate02_AO.uasset" 380
"../../../../../Users/vijay.SILVIA/Documents/Unreal Projects/Timenox/Content/scifi_kitbash/textures/T_Gate02_BC.uasset" 381
"../../../../../Users/vijay.SILVIA/Documents/Unreal Projects/Timenox/Content/scifi_kitbash/textures/T_Gate02_N.uasset" 382
"../../../../../Users/vijay.SILVIA/Documents/Unreal Projects/Timenox/Content/scifi_kitbash/textures/T_Gate02_R.uasset" 383
"../../../../../Users/vijay.SILVIA/Documents/Unreal Projects/Timenox/Content/scifi_kitbash/materials/MI_Gate02.uasset" 384
"../../../../../Users/vijay.SILVIA/Documents/Unreal Projects/Timenox/Content/scifi_kitbash/textures/T_Hangarwall02_AO.uasset" 385
"../../../../../Users/vijay.SILVIA/Documents/Unreal Projects/Timenox/Content/scifi_kitbash/textures/T_Hangarwall02_BC.uasset" 386
"../../../../../Users/vijay.SILVIA/Documents/Unreal Projects/Timenox/Content/scifi_kitbash/textures/T_Hangarwall02_N.uasset" 387
"../../../../../Users/vijay.SILVIA/Documents/Unreal Projects/Timenox/Content/scifi_kitbash/textures/T_Hangarwall02_R.uasset" 388
"../../../../../Users/vijay.SILVIA/Documents/Unreal Projects/Timenox/Content/scifi_kitbash/materials/MI_Hangarwall02.uasset" 389
"../../../../../Users/vijay.SILVIA/Documents/Unreal Projects/Timenox/Content/scifi_kitbash/textures/T_LargePillar_AO.uasset" 390
"../../../../../Users/vijay.SILVIA/Documents/Unreal Projects/Timenox/Content/scifi_kitbash/textures/T_LargePillar_N.uasset" 391
"../../../../../Users/vijay.SILVIA/Documents/Unreal Projects/Timenox/Content/scifi_kitbash/textures/T_LargePillar_R.uasset" 392
"../../../../../Users/vijay.SILVIA/Documents/Unreal Projects/Timenox/Content/scifi_kitbash/textures/T_LargePillar_White_BC.uasset" 393
"../../../../../Users/vijay.SILVIA/Documents/Unreal Projects/Timenox/Content/scifi_kitbash/materials/MI_LargePillar_White.uasset" 394
"../../../../../Users/vijay.SILVIA/Documents/Unreal Projects/Timenox/Content/scifi_kitbash/textures/T_Pipe01_AO.uasset" 395
"../../../../../Users/vijay.SILVIA/Documents/Unreal Projects/Timenox/Content/scifi_kitbash/textures/T_Pipe01_Metal_N.uasset" 396
"../../../../../Users/vijay.SILVIA/Documents/Unreal Projects/Timenox/Content/scifi_kitbash/textures/T_Pipe01_R.uasset" 397
"../../../../../Users/vijay.SILVIA/Documents/Unreal Projects/Timenox/Content/scifi_kitbash/materials/MI_Pipe01_Metal.uasset" 398
"../../../../../Users/vijay.SILVIA/Documents/Unreal Projects/Timenox/Content/scifi_kitbash/textures/T_RoundWall01_AO.uasset" 399
"../../../../../Users/vijay.SILVIA/Documents/Unreal Projects/Timenox/Content/scifi_kitbash/textures/T_RoundWall01_M.uasset" 400
"../../../../../Users/vijay.SILVIA/Documents/Unreal Projects/Timenox/Content/scifi_kitbash/textures/T_RoundWall02_A.uasset" 401
"../../../../../Users/vijay.SILVIA/Documents/Unreal Projects/Timenox/Content/scifi_kitbash/textures/T_RoundWall02_N.uasset" 402
"../../../../../Users/vijay.SILVIA/Documents/Unreal Projects/Timenox/Content/scifi_kitbash/textures/T_RoundWall02_R.uasset" 403
"../../../../../Users/vijay.SILVIA/Documents/Unreal Projects/Timenox/Content/scifi_kitbash/materials/MI_RoundWall02.uasset" 404
"../../../../../Users/vijay.SILVIA/Documents/Unreal Projects/Timenox/Content/scifi_kitbash/textures/T_Wall05_AO.uasset" 405
"../../../../../Users/vijay.SILVIA/Documents/Unreal Projects/Timenox/Content/scifi_kitbash/textures/T_Wall05_BC.uasset" 406
"../../../../../Users/vijay.SILVIA/Documents/Unreal Projects/Timenox/Content/scifi_kitbash/textures/T_Wall05_N.uasset" 407
"../../../../../Users/vijay.SILVIA/Documents/Unreal Projects/Timenox/Content/scifi_kitbash/textures/T_Wall05_R.uasset" 408
"../../../../../Users/vijay.SILVIA/Documents/Unreal Projects/Timenox/Content/scifi_kitbash/materials/MI_Wall05.uasset" 409
"../../../../../Users/vijay.SILVIA/Documents/Unreal Projects/Timenox/Content/scifi_kitbash/textures/T_Wall06_AO.uasset" 410
"../../../../../Users/vijay.SILVIA/Documents/Unreal Projects/Timenox/Content/scifi_kitbash/textures/T_Wall06_BC.uasset" 411
"../../../../../Users/vijay.SILVIA/Documents/Unreal Projects/Timenox/Content/scifi_kitbash/textures/T_wall06_N.uasset" 412
"../../../../../Users/vijay.SILVIA/Documents/Unreal Projects/Timenox/Content/scifi_kitbash/textures/T_wall06_R.uasset" 413
"../../../../../Users/vijay.SILVIA/Documents/Unreal Projects/Timenox/Content/scifi_kitbash/materials/MI_Wall06.uasset" 414
"../../../../../Users/vijay.SILVIA/Documents/Unreal Projects/Timenox/Content/scifi_kitbash/textures/T_Wall07_AO.uasset" 415
"../../../../../Users/vijay.SILVIA/Documents/Unreal Projects/Timenox/Content/scifi_kitbash/textures/T_Wall07_BC.uasset" 416
"../../../../../Users/vijay.SILVIA/Documents/Unreal Projects/Timenox/Content/scifi_kitbash/textures/T_Wall07_N.uasset" 417
"../../../../../Users/vijay.SILVIA/Documents/Unreal Projects/Timenox/Content/scifi_kitbash/textures/T_Wall07_R.uasset" 418
"../../../../../Users/vijay.SILVIA/Documents/Unreal Projects/Timenox/Content/scifi_kitbash/materials/MI_Wall07.uasset" 419
"../../../../../Users/vijay.SILVIA/Documents/Unreal Projects/Timenox/Content/scifi_kitbash/textures/T_WallStickers_BC.uasset" 420
"../../../../../Users/vijay.SILVIA/Documents/Unreal Projects/Timenox/Content/scifi_kitbash/materials/M_WallStripe02.uasset" 421
"../../../../../Users/vijay.SILVIA/Documents/Unreal Projects/Timenox/Content/scifi_kitbash/materials/MI_WallStripe02_Dark.uasset" 422
"../../../../../Users/vijay.SILVIA/Documents/Unreal Projects/Timenox/Content/scifi_kitbash/materials/MI_WallStripe02_Yellow.uasset" 423
"../../../../../Users/vijay.SILVIA/Documents/Unreal Projects/Timenox/Content/scifi_kitbash/materials/M_WallStripe03.uasset" 424
"../../../../../Users/vijay.SILVIA/Documents/Unreal Projects/Timenox/Content/scifi_kitbash/materials/MI_WallStripe03_Dark.uasset" 425
"../../../../../Users/vijay.SILVIA/Documents/Unreal Projects/Timenox/Content/scifi_kitbash/materials/M_WallStripe04.uasset" 426
"../../../../../Users/vijay.SILVIA/Documents/Unreal Projects/Timenox/Content/scifi_kitbash/materials/MI_WallStripe04_Dark.uasset" 427
"../../../../../Users/vijay.SILVIA/Documents/Unreal Projects/Timenox/Content/scifi_kitbash/textures/T_AreaDecal_BC.uasset" 428
"../../../../../Users/vijay.SILVIA/Documents/Unreal Projects/Timenox/Content/scifi_kitbash/materials/M_AreaDecal.uasset" 429
"../../../../../Users/vijay.SILVIA/Documents/Unreal Projects/Timenox/Content/scifi_kitbash/textures/T_LeakingDirt_BC.uasset" 430
"../../../../../Users/vijay.SILVIA/Documents/Unreal Projects/Timenox/Content/scifi_kitbash/materials/M_LeakingDecal01.uasset" 431
"../../../../../Users/vijay.SILVIA/Documents/Unreal Projects/Timenox/Content/scifi_kitbash/materials/M_LeakingDecal02.uasset" 432
"../../../../../Users/vijay.SILVIA/Documents/Unreal Projects/Timenox/Content/scifi_kitbash/textures/T_Puddle01_BC.uasset" 433
"../../../../../Users/vijay.SILVIA/Documents/Unreal Projects/Timenox/Content/scifi_kitbash/materials/M_Puddle01.uasset" 434
"../../../../../Users/vijay.SILVIA/Documents/Unreal Projects/Timenox/Content/scifi_kitbash/materials/M_Puddle02.uasset" 435
"../../../../../Users/vijay.SILVIA/Documents/Unreal Projects/Timenox/Content/scifi_kitbash/materials/M_WallStripe01.uasset" 436
"../../../../../Users/vijay.SILVIA/Documents/Unreal Projects/Timenox/Content/scifi_kitbash/textures/T_Rails_AO.uasset" 437
"../../../../../Users/vijay.SILVIA/Documents/Unreal Projects/Timenox/Content/scifi_kitbash/textures/T_Rails_BC.uasset" 438
"../../../../../Users/vijay.SILVIA/Documents/Unreal Projects/Timenox/Content/scifi_kitbash/textures/T_Rails_N.uasset" 439
"../../../../../Users/vijay.SILVIA/Documents/Unreal Projects/Timenox/Content/scifi_kitbash/materials/MI_Rails.uasset" 440
"../../../../../Users/vijay.SILVIA/Documents/Unreal Projects/Timenox/Content/scifi_kitbash/meshes/SM_Beam02.uasset" 441
"../../../../../Users/vijay.SILVIA/Documents/Unreal Projects/Timenox/Content/scifi_kitbash/meshes/SM_Beam03.uasset" 442
"../../../../../Users/vijay.SILVIA/Documents/Unreal Projects/Timenox/Content/scifi_kitbash/meshes/SM_Cable02.uasset" 443
"../../../../../Users/vijay.SILVIA/Documents/Unreal Projects/Timenox/Content/scifi_kitbash/meshes/SM_Cable03.uasset" 444
"../../../../../Users/vijay.SILVIA/Documents/Unreal Projects/Timenox/Content/scifi_kitbash/meshes/SM_Cable04.uasset" 445
"../../../../../Users/vijay.SILVIA/Documents/Unreal Projects/Timenox/Content/scifi_kitbash/meshes/SM_Cable05.uasset" 446
"../../../../../Users/vijay.SILVIA/Documents/Unreal Projects/Timenox/Content/scifi_kitbash/textures/T_Ceiling01_AO.uasset" 447
"../../../../../Users/vijay.SILVIA/Documents/Unreal Projects/Timenox/Content/scifi_kitbash/textures/T_Ceiling01_BC.uasset" 448
"../../../../../Users/vijay.SILVIA/Documents/Unreal Projects/Timenox/Content/scifi_kitbash/textures/T_Ceiling01_N.uasset" 449
"../../../../../Users/vijay.SILVIA/Documents/Unreal Projects/Timenox/Content/scifi_kitbash/textures/T_Ceiling01_R.uasset" 450
"../../../../../Users/vijay.SILVIA/Documents/Unreal Projects/Timenox/Content/scifi_kitbash/materials/MI_Ceiling01.uasset" 451
"../../../../../Users/vijay.SILVIA/Documents/Unreal Projects/Timenox/Content/scifi_kitbash/meshes/SM_Ceiling01.uasset" 452
"../../../../../Users/vijay.SILVIA/Documents/Unreal Projects/Timenox/Content/scifi_kitbash/meshes/SM_Ceiling02.uasset" 453
"../../../../../Users/vijay.SILVIA/Documents/Unreal Projects/Timenox/Content/scifi_kitbash/meshes/SM_Ceiling03.uasset" 454
"../../../../../Users/vijay.SILVIA/Documents/Unreal Projects/Timenox/Content/scifi_kitbash/meshes/SM_Ceiling_Corner01.uasset" 455
"../../../../../Users/vijay.SILVIA/Documents/Unreal Projects/Timenox/Content/scifi_kitbash/meshes/SM_Ceiling_Corner02.uasset" 456
"../../../../../Users/vijay.SILVIA/Documents/Unreal Projects/Timenox/Content/scifi_kitbash/meshes/SM_Ceiling_Corner03.uasset" 457
"../../../../../Users/vijay.SILVIA/Documents/Unreal Projects/Timenox/Content/scifi_kitbash/textures/T_Container_BC.uasset" 458
"../../../../../Users/vijay.SILVIA/Documents/Unreal Projects/Timenox/Content/scifi_kitbash/materials/MI_Container.uasset" 459
"../../../../../Users/vijay.SILVIA/Documents/Unreal Projects/Timenox/Content/scifi_kitbash/meshes/SM_Container.uasset" 460
"../../../../../Users/vijay.SILVIA/Documents/Unreal Projects/Timenox/Content/scifi_kitbash/meshes/SM_ContainerHalf.uasset" 461
"../../../../../Users/vijay.SILVIA/Documents/Unreal Projects/Timenox/Content/scifi_kitbash/meshes/SM_ContainerQuarter.uasset" 462
"../../../../../Users/vijay.SILVIA/Documents/Unreal Projects/Timenox/Content/scifi_kitbash/textures/T_Crate_AO.uasset" 463
"../../../../../Users/vijay.SILVIA/Documents/Unreal Projects/Timenox/Content/scifi_kitbash/textures/T_Crate_BC.uasset" 464
"../../../../../Users/vijay.SILVIA/Documents/Unreal Projects/Timenox/Content/scifi_kitbash/textures/T_Crate_N.uasset" 465
"../../../../../Users/vijay.SILVIA/Documents/Unreal Projects/Timenox/Content/scifi_kitbash/materials/MI_Crate.uasset" 466
"../../../../../Users/vijay.SILVIA/Documents/Unreal Projects/Timenox/Content/scifi_kitbash/meshes/SM_Crate02.uasset" 467
"../../../../../Users/vijay.SILVIA/Documents/Unreal Projects/Timenox/Content/scifi_kitbash/meshes/SM_Crate03.uasset" 468
"../../../../../Users/vijay.SILVIA/Documents/Unreal Projects/Timenox/Content/scifi_kitbash/materials/MI_Door01.uasset" 469
"../../../../../Users/vijay.SILVIA/Documents/Unreal Projects/Timenox/Content/scifi_kitbash/meshes/SM_Door01.uasset" 470
"../../../../../Users/vijay.SILVIA/Documents/Unreal Projects/Timenox/Content/scifi_kitbash/meshes/SM_Door01_Combined.uasset" 471
"../../../../../Users/vijay.SILVIA/Documents/Unreal Projects/Timenox/Content/scifi_kitbash/meshes/SM_Door01_Frame.uasset" 472
"../../../../../Users/vijay.SILVIA/Documents/Unreal Projects/Timenox/Content/scifi_kitbash/meshes/SM_Door02.uasset" 473
"../../../../../Users/vijay.SILVIA/Documents/Unreal Projects/Timenox/Content/scifi_kitbash/meshes/SM_Door02_Combined.uasset" 474
"../../../../../Users/vijay.SILVIA/Documents/Unreal Projects/Timenox/Content/scifi_kitbash/textures/T_Fabric01_AO.uasset" 475
"../../../../../Users/vijay.SILVIA/Documents/Unreal Projects/Timenox/Content/scifi_kitbash/textures/T_Fabric02_BC.uasset" 476
"../../../../../Users/vijay.SILVIA/Documents/Unreal Projects/Timenox/Content/scifi_kitbash/textures/T_Fabric02_N.uasset" 477
"../../../../../Users/vijay.SILVIA/Documents/Unreal Projects/Timenox/Content/scifi_kitbash/textures/T_Fabric02_R.uasset" 478
"../../../../../Users/vijay.SILVIA/Documents/Unreal Projects/Timenox/Content/scifi_kitbash/materials/MI_Fabric02.uasset" 479
"../../../../../Users/vijay.SILVIA/Documents/Unreal Projects/Timenox/Content/scifi_kitbash/meshes/SM_Fabric02.uasset" 480
"../../../../../Users/vijay.SILVIA/Documents/Unreal Projects/Timenox/Content/scifi_kitbash/textures/T_FabricPipe_AO.uasset" 481
"../../../../../Users/vijay.SILVIA/Documents/Unreal Projects/Timenox/Content/scifi_kitbash/textures/T_FabricPipe_BC.uasset" 482
"../../../../../Users/vijay.SILVIA/Documents/Unreal Projects/Timenox/Content/scifi_kitbash/textures/T_FabricPipe_N.uasset" 483
"../../../../../Users/vijay.SILVIA/Documents/Unreal Projects/Timenox/Content/scifi_kitbash/materials/MI_FabricPipe.uasset" 484
"../../../../../Users/vijay.SILVIA/Documents/Unreal Projects/Timenox/Content/scifi_kitbash/meshes/SM_FabricPipe01.uasset" 485
"../../../../../Users/vijay.SILVIA/Documents/Unreal Projects/Timenox/Content/scifi_kitbash/meshes/SM_FabricPipe02.uasset" 486
"../../../../../Users/vijay.SILVIA/Documents/Unreal Projects/Timenox/Content/scifi_kitbash/meshes/SM_FabricPipe03.uasset" 487
"../../../../../Users/vijay.SILVIA/Documents/Unreal Projects/Timenox/Content/scifi_kitbash/textures/T_Floor01_BC.uasset" 488
"../../../../../Users/vijay.SILVIA/Documents/Unreal Projects/Timenox/Content/scifi_kitbash/materials/MI_Floor01.uasset" 489
"../../../../../Users/vijay.SILVIA/Documents/Unreal Projects/Timenox/Content/scifi_kitbash/meshes/SM_Floor01.uasset" 490
"../../../../../Users/vijay.SILVIA/Documents/Unreal Projects/Timenox/Content/scifi_kitbash/textures/T_Floor03_BC.uasset" 491
"../../../../../Users/vijay.SILVIA/Documents/Unreal Projects/Timenox/Content/scifi_kitbash/materials/MI_Floor03.uasset" 492
"../../../../../Users/vijay.SILVIA/Documents/Unreal Projects/Timenox/Content/scifi_kitbash/meshes/SM_Floor02.uasset" 493
"../../../../../Users/vijay.SILVIA/Documents/Unreal Projects/Timenox/Content/scifi_kitbash/meshes/SM_Floor03.uasset" 494
"../../../../../Users/vijay.SILVIA/Documents/Unreal Projects/Timenox/Content/scifi_kitbash/textures/T_Fence01_AO.uasset" 495
"../../../../../Users/vijay.SILVIA/Documents/Unreal Projects/Timenox/Content/scifi_kitbash/textures/T_Fence01_BC.uasset" 496
"../../../../../Users/vijay.SILVIA/Documents/Unreal Projects/Timenox/Content/scifi_kitbash/textures/T_Fence01_N.uasset" 497
"../../../../../Users/vijay.SILVIA/Documents/Unreal Projects/Timenox/Content/scifi_kitbash/textures/T_Fence01_R.uasset" 498
"../../../../../Users/vijay.SILVIA/Documents/Unreal Projects/Timenox/Content/scifi_kitbash/textures/T_Fence_M.uasset" 499
"../../../../../Users/vijay.SILVIA/Documents/Unreal Projects/Timenox/Content/scifi_kitbash/materials/M_Fence01.uasset" 500
"../../../../../Users/vijay.SILVIA/Documents/Unreal Projects/Timenox/Content/scifi_kitbash/textures/T_Stairs01_AO.uasset" 501
"../../../../../Users/vijay.SILVIA/Documents/Unreal Projects/Timenox/Content/scifi_kitbash/textures/T_Stairs01_BC.uasset" 502
"../../../../../Users/vijay.SILVIA/Documents/Unreal Projects/Timenox/Content/scifi_kitbash/textures/T_Stairs01_N.uasset" 503
"../../../../../Users/vijay.SILVIA/Documents/Unreal Projects/Timenox/Content/scifi_kitbash/textures/T_Stairs01_R.uasset" 504
"../../../../../Users/vijay.SILVIA/Documents/Unreal Projects/Timenox/Content/scifi_kitbash/materials/MI_Stairs.uasset" 505
"../../../../../Users/vijay.SILVIA/Documents/Unreal Projects/Timenox/Content/scifi_kitbash/meshes/SM_FloorFence01.uasset" 506
"../../../../../Users/vijay.SILVIA/Documents/Unreal Projects/Timenox/Content/scifi_kitbash/meshes/SM_FloorFence02.uasset" 507
"../../../../../Users/vijay.SILVIA/Documents/Unreal Projects/Timenox/Content/scifi_kitbash/textures/T_Gate01_AO.uasset" 508
"../../../../../Users/vijay.SILVIA/Documents/Unreal Projects/Timenox/Content/scifi_kitbash/textures/T_Gate01_BC.uasset" 509
"../../../../../Users/vijay.SILVIA/Documents/Unreal Projects/Timenox/Content/scifi_kitbash/textures/T_Gate01_MT.uasset" 510
"../../../../../Users/vijay.SILVIA/Documents/Unreal Projects/Timenox/Content/scifi_kitbash/textures/T_Gate01_N.uasset" 511
"../../../../../Users/vijay.SILVIA/Documents/Unreal Projects/Timenox/Content/scifi_kitbash/textures/T_Gate01_R.uasset" 512
"../../../../../Users/vijay.SILVIA/Documents/Unreal Projects/Timenox/Content/scifi_kitbash/materials/MI_Gate01.uasset" 513
"../../../../../Users/vijay.SILVIA/Documents/Unreal Projects/Timenox/Content/scifi_kitbash/meshes/SM_Gate.uasset" 514
"../../../../../Users/vijay.SILVIA/Documents/Unreal Projects/Timenox/Content/scifi_kitbash/meshes/SM_Gate_Door.uasset" 515
"../../../../../Users/vijay.SILVIA/Documents/Unreal Projects/Timenox/Content/scifi_kitbash/meshes/SM_Gate_Frame.uasset" 516
"../../../../../Users/vijay.SILVIA/Documents/Unreal Projects/Timenox/Content/scifi_kitbash/textures/T_HangarCeiling_AO.uasset" 517
"../../../../../Users/vijay.SILVIA/Documents/Unreal Projects/Timenox/Content/scifi_kitbash/textures/T_HangarCeiling_BC.uasset" 518
"../../../../../Users/vijay.SILVIA/Documents/Unreal Projects/Timenox/Content/scifi_kitbash/textures/T_HangarCeiling_N.uasset" 519
"../../../../../Users/vijay.SILVIA/Documents/Unreal Projects/Timenox/Content/scifi_kitbash/textures/T_HangarCeiling_R.uasset" 520
"../../../../../Users/vijay.SILVIA/Documents/Unreal Projects/Timenox/Content/scifi_kitbash/materials/MI_Hangarceiling.uasset" 521
"../../../../../Users/vijay.SILVIA/Documents/Unreal Projects/Timenox/Content/scifi_kitbash/meshes/SM_HangarCeiling.uasset" 522
"../../../../../Users/vijay.SILVIA/Documents/Unreal Projects/Timenox/Content/scifi_kitbash/meshes/SM_HangarCeiling_Double.uasset" 523
"../../../../../Users/vijay.SILVIA/Documents/Unreal Projects/Timenox/Content/scifi_kitbash/meshes/SM_HangarCeiling_Frame.uasset" 524
"../../../../../Users/vijay.SILVIA/Documents/Unreal Projects/Timenox/Content/scifi_kitbash/meshes/SM_HangarCeiling_Parts.uasset" 525
"../../../../../Users/vijay.SILVIA/Documents/Unreal Projects/Timenox/Content/scifi_kitbash/textures/T_Hangarwall01_AO.uasset" 526
"../../../../../Users/vijay.SILVIA/Documents/Unreal Projects/Timenox/Content/scifi_kitbash/textures/T_Hangarwall01_N.uasset" 527
"../../../../../Users/vijay.SILVIA/Documents/Unreal Projects/Timenox/Content/scifi_kitbash/textures/T_Hangarwall01_R.uasset" 528
"../../../../../Users/vijay.SILVIA/Documents/Unreal Projects/Timenox/Content/scifi_kitbash/materials/MI_Hangarwall01.uasset" 529
"../../../../../Users/vijay.SILVIA/Documents/Unreal Projects/Timenox/Content/scifi_kitbash/meshes/SM_HangarWall01.uasset" 530
"../../../../../Users/vijay.SILVIA/Documents/Unreal Projects/Timenox/Content/scifi_kitbash/textures/T_Hangarwall_red_BC.uasset" 531
"../../../../../Users/vijay.SILVIA/Documents/Unreal Projects/Timenox/Content/scifi_kitbash/materials/MI_Hangarwall_red.uasset" 532
"../../../../../Users/vijay.SILVIA/Documents/Unreal Projects/Timenox/Content/scifi_kitbash/meshes/SM_HangarWall02.uasset" 533
"../../../../../Users/vijay.SILVIA/Documents/Unreal Projects/Timenox/Content/scifi_kitbash/meshes/SM_HangarWall_Center.uasset" 534
"../../../../../Users/vijay.SILVIA/Documents/Unreal Projects/Timenox/Content/scifi_kitbash/meshes/SM_HangarWall_Frame.uasset" 535
"../../../../../Users/vijay.SILVIA/Documents/Unreal Projects/Timenox/Content/scifi_kitbash/textures/T_Heavypillar_AO.uasset" 536
"../../../../../Users/vijay.SILVIA/Documents/Unreal Projects/Timenox/Content/scifi_kitbash/textures/T_Heavypillar_BC.uasset" 537
"../../../../../Users/vijay.SILVIA/Documents/Unreal Projects/Timenox/Content/scifi_kitbash/textures/T_Heavypillar_N.uasset" 538
"../../../../../Users/vijay.SILVIA/Documents/Unreal Projects/Timenox/Content/scifi_kitbash/textures/T_Heavypillar_R.uasset" 539
"../../../../../Users/vijay.SILVIA/Documents/Unreal Projects/Timenox/Content/scifi_kitbash/materials/MI_Heavypillar.uasset" 540
"../../../../../Users/vijay.SILVIA/Documents/Unreal Projects/Timenox/Content/scifi_kitbash/meshes/SM_Heavypillar01.uasset" 541
"../../../../../Users/vijay.SILVIA/Documents/Unreal Projects/Timenox/Content/scifi_kitbash/meshes/SM_Heavypillar02.uasset" 542
"../../../../../Users/vijay.SILVIA/Documents/Unreal Projects/Timenox/Content/scifi_kitbash/textures/T_LargePillar_BC.uasset" 543
"../../../../../Users/vijay.SILVIA/Documents/Unreal Projects/Timenox/Content/scifi_kitbash/materials/MI_LargePillar.uasset" 544
"../../../../../Users/vijay.SILVIA/Documents/Unreal Projects/Timenox/Content/scifi_kitbash/meshes/SM_LargePillar.uasset" 545
"../../../../../Users/vijay.SILVIA/Documents/Unreal Projects/Timenox/Content/scifi_kitbash/materials/M_LightGlow.uasset" 546
"../../../../../Users/vijay.SILVIA/Documents/Unreal Projects/Timenox/Content/scifi_kitbash/textures/T_Lights_AO.uasset" 547
"../../../../../Users/vijay.SILVIA/Documents/Unreal Projects/Timenox/Content/scifi_kitbash/textures/T_Lights_BC.uasset" 548
"../../../../../Users/vijay.SILVIA/Documents/Unreal Projects/Timenox/Content/scifi_kitbash/textures/T_Lights_N.uasset" 549
"../../../../../Users/vijay.SILVIA/Documents/Unreal Projects/Timenox/Content/scifi_kitbash/textures/T_Lights_R.uasset" 550
"../../../../../Users/vijay.SILVIA/Documents/Unreal Projects/Timenox/Content/scifi_kitbash/materials/MI_Light.uasset" 551
"../../../../../Users/vijay.SILVIA/Documents/Unreal Projects/Timenox/Content/scifi_kitbash/meshes/SM_Light02.uasset" 552
"../../../../../Users/vijay.SILVIA/Documents/Unreal Projects/Timenox/Content/scifi_kitbash/meshes/SM_Light03.uasset" 553
"../../../../../Users/vijay.SILVIA/Documents/Unreal Projects/Timenox/Content/scifi_kitbash/meshes/SM_Light04.uasset" 554
"../../../../../Users/vijay.SILVIA/Documents/Unreal Projects/Timenox/Content/scifi_kitbash/textures/T_Pillar01_AO.uasset" 555
"../../../../../Users/vijay.SILVIA/Documents/Unreal Projects/Timenox/Content/scifi_kitbash/textures/T_Pillar01_BC.uasset" 556
"../../../../../Users/vijay.SILVIA/Documents/Unreal Projects/Timenox/Content/scifi_kitbash/textures/T_Pillar01_N.uasset" 557
"../../../../../Users/vijay.SILVIA/Documents/Unreal Projects/Timenox/Content/scifi_kitbash/textures/T_Pillar01_R.uasset" 558
"../../../../../Users/vijay.SILVIA/Documents/Unreal Projects/Timenox/Content/scifi_kitbash/materials/MI_Pillar01.uasset" 559
"../../../../../Users/vijay.SILVIA/Documents/Unreal Projects/Timenox/Content/scifi_kitbash/meshes/SM_Pillar01.uasset" 560
"../../../../../Users/vijay.SILVIA/Documents/Unreal Projects/Timenox/Content/scifi_kitbash/textures/T_Pipe01_BC.uasset" 561
"../../../../../Users/vijay.SILVIA/Documents/Unreal Projects/Timenox/Content/scifi_kitbash/textures/T_Pipe01_N.uasset" 562
"../../../../../Users/vijay.SILVIA/Documents/Unreal Projects/Timenox/Content/scifi_kitbash/materials/MI_Pipe01.uasset" 563
"../../../../../Users/vijay.SILVIA/Documents/Unreal Projects/Timenox/Content/scifi_kitbash/meshes/SM_Pipe01.uasset" 564
"../../../../../Users/vijay.SILVIA/Documents/Unreal Projects/Timenox/Content/scifi_kitbash/meshes/SM_Pipe01_Bend90.uasset" 565
"../../../../../Users/vijay.SILVIA/Documents/Unreal Projects/Timenox/Content/scifi_kitbash/textures/T_plane_N.uasset" 566
"../../../../../Users/vijay.SILVIA/Documents/Unreal Projects/Timenox/Content/scifi_kitbash/materials/M_PlaneGlass.uasset" 567
"../../../../../Users/vijay.SILVIA/Documents/Unreal Projects/Timenox/Content/scifi_kitbash/textures/T_plane_AO.uasset" 568
"../../../../../Users/vijay.SILVIA/Documents/Unreal Projects/Timenox/Content/scifi_kitbash/textures/T_plane_BC.uasset" 569
"../../../../../Users/vijay.SILVIA/Documents/Unreal Projects/Timenox/Content/scifi_kitbash/textures/T_plane_MT.uasset" 570
"../../../../../Users/vijay.SILVIA/Documents/Unreal Projects/Timenox/Content/scifi_kitbash/textures/T_plane_R.uasset" 571
"../../../../../Users/vijay.SILVIA/Documents/Unreal Projects/Timenox/Content/scifi_kitbash/materials/MI_Plane.uasset" 572
"../../../../../Users/vijay.SILVIA/Documents/Unreal Projects/Timenox/Content/scifi_kitbash/meshes/SM_Plane.uasset" 573
"../../../../../Users/vijay.SILVIA/Documents/Unreal Projects/Timenox/Content/scifi_kitbash/meshes/SM_RailBase.uasset" 574
"../../../../../Users/vijay.SILVIA/Documents/Unreal Projects/Timenox/Content/scifi_kitbash/meshes/SM_RailRed3m.uasset" 575
"../../../../../Users/vijay.SILVIA/Documents/Unreal Projects/Timenox/Content/scifi_kitbash/meshes/SM_RailRed6m.uasset" 576
"../../../../../Users/vijay.SILVIA/Documents/Unreal Projects/Timenox/Content/scifi_kitbash/meshes/SM_RailRed_Corner.uasset" 577
"../../../../../Users/vijay.SILVIA/Documents/Unreal Projects/Timenox/Content/scifi_kitbash/meshes/SM_RailRed_Stairs.uasset" 578
"../../../../../Users/vijay.SILVIA/Documents/Unreal Projects/Timenox/Content/scifi_kitbash/meshes/SM_RailWhite3m.uasset" 579
"../../../../../Users/vijay.SILVIA/Documents/Unreal Projects/Timenox/Content/scifi_kitbash/meshes/SM_RailWhite6m.uasset" 580
"../../../../../Users/vijay.SILVIA/Documents/Unreal Projects/Timenox/Content/scifi_kitbash/meshes/SM_RailWhite_Corner.uasset" 581
"../../../../../Users/vijay.SILVIA/Documents/Unreal Projects/Timenox/Content/scifi_kitbash/meshes/SM_RailWhite_Stairs.uasset" 582
"../../../../../Users/vijay.SILVIA/Documents/Unreal Projects/Timenox/Content/scifi_kitbash/textures/T_RoundWall01_BC.uasset" 583
"../../../../../Users/vijay.SILVIA/Documents/Unreal Projects/Timenox/Content/scifi_kitbash/textures/T_RoundWall01_N.uasset" 584
"../../../../../Users/vijay.SILVIA/Documents/Unreal Projects/Timenox/Content/scifi_kitbash/textures/T_RoundWall01_R.uasset" 585
"../../../../../Users/vijay.SILVIA/Documents/Unreal Projects/Timenox/Content/scifi_kitbash/materials/MI_RoundWall01.uasset" 586
"../../../../../Users/vijay.SILVIA/Documents/Unreal Projects/Timenox/Content/scifi_kitbash/meshes/SM_RoundWall.uasset" 587
"../../../../../Users/vijay.SILVIA/Documents/Unreal Projects/Timenox/Content/scifi_kitbash/meshes/SM_RoundWall02.uasset" 588
"../../../../../Users/vijay.SILVIA/Documents/Unreal Projects/Timenox/Content/scifi_kitbash/meshes/SM_RoundWall03.uasset" 589
"../../../../../Users/vijay.SILVIA/Documents/Unreal Projects/Timenox/Content/scifi_kitbash/meshes/SM_RoundWall04.uasset" 590
"../../../../../Users/vijay.SILVIA/Documents/Unreal Projects/Timenox/Content/scifi_kitbash/meshes/SM_RoundWall05.uasset" 591
"../../../../../Users/vijay.SILVIA/Documents/Unreal Projects/Timenox/Content/scifi_kitbash/meshes/SM_Stairs01.uasset" 592
"../../../../../Users/vijay.SILVIA/Documents/Unreal Projects/Timenox/Content/scifi_kitbash/meshes/SM_Stairs02.uasset" 593
"../../../../../Users/vijay.SILVIA/Documents/Unreal Projects/Timenox/Content/scifi_kitbash/meshes/SM_Stairs03.uasset" 594
"../../../../../Users/vijay.SILVIA/Documents/Unreal Projects/Timenox/Content/scifi_kitbash/meshes/SM_Stairs04.uasset" 595
"../../../../../Users/vijay.SILVIA/Documents/Unreal Projects/Timenox/Content/scifi_kitbash/meshes/SM_Stairs05.uasset" 596
"../../../../../Users/vijay.SILVIA/Documents/Unreal Projects/Timenox/Content/scifi_kitbash/meshes/SM_Stairs06.uasset" 597
"../../../../../Users/vijay.SILVIA/Documents/Unreal Projects/Timenox/Content/scifi_kitbash/meshes/SM_Wall01.uasset" 598
"../../../../../Users/vijay.SILVIA/Documents/Unreal Projects/Timenox/Content/scifi_kitbash/meshes/SM_Wall01_Corner.uasset" 599
"../../../../../Users/vijay.SILVIA/Documents/Unreal Projects/Timenox/Content/scifi_kitbash/textures/T_Wall02_AO.uasset" 600
"../../../../../Users/vijay.SILVIA/Documents/Unreal Projects/Timenox/Content/scifi_kitbash/textures/T_Wall02_BC.uasset" 601
"../../../../../Users/vijay.SILVIA/Documents/Unreal Projects/Timenox/Content/scifi_kitbash/textures/T_Wall02_N.uasset" 602
"../../../../../Users/vijay.SILVIA/Documents/Unreal Projects/Timenox/Content/scifi_kitbash/textures/T_Wall02_R.uasset" 603
"../../../../../Users/vijay.SILVIA/Documents/Unreal Projects/Timenox/Content/scifi_kitbash/materials/MI_Wall02.uasset" 604
"../../../../../Users/vijay.SILVIA/Documents/Unreal Projects/Timenox/Content/scifi_kitbash/meshes/SM_Wall02.uasset" 605
"../../../../../Users/vijay.SILVIA/Documents/Unreal Projects/Timenox/Content/scifi_kitbash/meshes/SM_Wall02_InnerCorner.uasset" 606
"../../../../../Users/vijay.SILVIA/Documents/Unreal Projects/Timenox/Content/scifi_kitbash/textures/T_Wall03_AO.uasset" 607
"../../../../../Users/vijay.SILVIA/Documents/Unreal Projects/Timenox/Content/scifi_kitbash/textures/T_Wall03_BC.uasset" 608
"../../../../../Users/vijay.SILVIA/Documents/Unreal Projects/Timenox/Content/scifi_kitbash/textures/T_Wall03_N.uasset" 609
"../../../../../Users/vijay.SILVIA/Documents/Unreal Projects/Timenox/Content/scifi_kitbash/materials/MI_Wall03.uasset" 610
"../../../../../Users/vijay.SILVIA/Documents/Unreal Projects/Timenox/Content/scifi_kitbash/meshes/SM_Wall03.uasset" 611
"../../../../../Users/vijay.SILVIA/Documents/Unreal Projects/Timenox/Content/scifi_kitbash/meshes/SM_Wall03_Corner.uasset" 612
"../../../../../Users/vijay.SILVIA/Documents/Unreal Projects/Timenox/Content/scifi_kitbash/textures/T_Wall04_AO.uasset" 613
"../../../../../Users/vijay.SILVIA/Documents/Unreal Projects/Timenox/Content/scifi_kitbash/textures/T_Wall04_BC.uasset" 614
"../../../../../Users/vijay.SILVIA/Documents/Unreal Projects/Timenox/Content/scifi_kitbash/textures/T_Wall04_N.uasset" 615
"../../../../../Users/vijay.SILVIA/Documents/Unreal Projects/Timenox/Content/scifi_kitbash/textures/T_Wall04_R.uasset" 616
"../../../../../Users/vijay.SILVIA/Documents/Unreal Projects/Timenox/Content/scifi_kitbash/materials/MI_Wall04.uasset" 617
"../../../../../Users/vijay.SILVIA/Documents/Unreal Projects/Timenox/Content/scifi_kitbash/meshes/SM_Wall04.uasset" 618
"../../../../../Users/vijay.SILVIA/Documents/Unreal Projects/Timenox/Content/scifi_kitbash/meshes/SM_Wall04_Innercorner.uasset" 619
"../../../../../Users/vijay.SILVIA/Documents/Unreal Projects/Timenox/Content/scifi_kitbash/meshes/SM_Wall04_Large.uasset" 620
"../../../../../Users/vijay.SILVIA/Documents/Unreal Projects/Timenox/Content/scifi_kitbash/meshes/SM_Wall04_Outercorner.uasset" 621
"../../../../../Users/vijay.SILVIA/Documents/Unreal Projects/Timenox/Content/scifi_kitbash/textures/T_Wall08_AO.uasset" 622
"../../../../../Users/vijay.SILVIA/Documents/Unreal Projects/Timenox/Content/scifi_kitbash/textures/T_Wall08_BC.uasset" 623
"../../../../../Users/vijay.SILVIA/Documents/Unreal Projects/Timenox/Content/scifi_kitbash/textures/T_Wall08_N.uasset" 624
"../../../../../Users/vijay.SILVIA/Documents/Unreal Projects/Timenox/Content/scifi_kitbash/textures/T_Wall08_R.uasset" 625
"../../../../../Users/vijay.SILVIA/Documents/Unreal Projects/Timenox/Content/scifi_kitbash/materials/MI_Wall08.uasset" 626
"../../../../../Users/vijay.SILVIA/Documents/Unreal Projects/Timenox/Content/scifi_kitbash/meshes/SM_Wall08.uasset" 627
"../../../../../Users/vijay.SILVIA/Documents/Unreal Projects/Timenox/Content/scifi_kitbash/textures/T_WallConcrete_AO.uasset" 628
"../../../../../Users/vijay.SILVIA/Documents/Unreal Projects/Timenox/Content/scifi_kitbash/textures/T_WallConcrete_BC.uasset" 629
"../../../../../Users/vijay.SILVIA/Documents/Unreal Projects/Timenox/Content/scifi_kitbash/textures/T_WallConcrete_N.uasset" 630
"../../../../../Users/vijay.SILVIA/Documents/Unreal Projects/Timenox/Content/scifi_kitbash/textures/T_WallConcrete_R.uasset" 631
"../../../../../Users/vijay.SILVIA/Documents/Unreal Projects/Timenox/Content/scifi_kitbash/materials/MI_WallConcrete.uasset" 632
"../../../../../Users/vijay.SILVIA/Documents/Unreal Projects/Timenox/Content/scifi_kitbash/meshes/SM_WallConcrete.uasset" 633
"../../../../../Users/vijay.SILVIA/Documents/Unreal Projects/Timenox/Content/scifi_kitbash/textures/T_Wallfabric01_AO.uasset" 634
"../../../../../Users/vijay.SILVIA/Documents/Unreal Projects/Timenox/Content/scifi_kitbash/textures/T_Wallfabric01_BC.uasset" 635
"../../../../../Users/vijay.SILVIA/Documents/Unreal Projects/Timenox/Content/scifi_kitbash/textures/T_Wallfabric01_N.uasset" 636
"../../../../../Users/vijay.SILVIA/Documents/Unreal Projects/Timenox/Content/scifi_kitbash/textures/T_Wallfabric01_R.uasset" 637
"../../../../../Users/vijay.SILVIA/Documents/Unreal Projects/Timenox/Content/scifi_kitbash/materials/MI_Wallfabric01.uasset" 638
"../../../../../Users/vijay.SILVIA/Documents/Unreal Projects/Timenox/Content/scifi_kitbash/meshes/SM_Wallfabric01.uasset" 639
"../../../../../Users/vijay.SILVIA/Documents/Unreal Projects/Timenox/Content/scifi_kitbash/meshes/SM_Wallfabric01_Corner.uasset" 640
"../../../../../Users/vijay.SILVIA/Documents/Unreal Projects/Timenox/Content/scifi_kitbash/meshes/SM_Wallfabric01_Cornersoft.uasset" 641
"../../../../../Users/vijay.SILVIA/Documents/Unreal Projects/Timenox/Content/scifi_kitbash/meshes/SM_Wallfabric01_InnerCorner.uasset" 642
"../../../../../Users/vijay.SILVIA/Documents/Unreal Projects/Timenox/Content/scifi_kitbash/textures/T_Barrel01_R.uasset" 643
"../../../../../Users/vijay.SILVIA/Documents/Unreal Projects/Timenox/Content/scifi_kitbash/textures/T_Crate_R.uasset" 644
"../../../../../Users/vijay.SILVIA/Documents/Unreal Projects/Timenox/Content/scifi_kitbash/textures/T_Door01_AO.uasset" 645
"../../../../../Users/vijay.SILVIA/Documents/Unreal Projects/Timenox/Content/scifi_kitbash/textures/T_Door01_BC.uasset" 646
"../../../../../Users/vijay.SILVIA/Documents/Unreal Projects/Timenox/Content/scifi_kitbash/textures/T_Door01_N.uasset" 647
"../../../../../Users/vijay.SILVIA/Documents/Unreal Projects/Timenox/Content/scifi_kitbash/textures/T_Door01_R.uasset" 648
"../../../../../Users/vijay.SILVIA/Documents/Unreal Projects/Timenox/Content/scifi_kitbash/textures/T_FabricPipe_R.uasset" 649
"../../../../../Users/vijay.SILVIA/Documents/Unreal Projects/Timenox/Content/scifi_kitbash/textures/T_Floor01_Grey_BC.uasset" 650
"../../../../../Users/vijay.SILVIA/Documents/Unreal Projects/Timenox/Content/scifi_kitbash/textures/T_Floor04_Black_BC.uasset" 651
"../../../../../Users/vijay.SILVIA/Documents/Unreal Projects/Timenox/Content/scifi_kitbash/textures/T_Hangarwall01_BC.uasset" 652
"../../../../../Users/vijay.SILVIA/Documents/Unreal Projects/Timenox/Content/scifi_kitbash/textures/T_Pipe01_Metal_BC.uasset" 653
"../../../../../Users/vijay.SILVIA/Documents/Unreal Projects/Timenox/Content/scifi_kitbash/textures/T_Pipe01_Metal_MT.uasset" 654
"../../../../../Users/vijay.SILVIA/Documents/Unreal Projects/Timenox/Content/scifi_kitbash/textures/T_Rails_R.uasset" 655
"../../../../../Users/vijay.SILVIA/Documents/Unreal Projects/Timenox/Content/scifi_kitbash/textures/T_Wall03_R.uasset" 656
"../../../Engine/Content/Functions/Engine_MaterialFunctions02/Utility/BreakOutFloat3Components.uasset" 657
"../../../Engine/Content/Functions/Engine_MaterialFunctions02/WorldPositionOffset/ObjectScale.uasset" 658
"../../../../../Users/vijay.SILVIA/Documents/Unreal Projects/Timenox/Content/SuperGrid/StarterPack/Materials/Functions/UV/UV_ObjectScalable.uasset" 659
"../../../../../Users/vijay.SILVIA/Documents/Unreal Projects/Timenox/Content/SuperGrid/StarterPack/Materials/Functions/UV/UV_CustomTexture.uasset" 660
"../../../../../Users/vijay.SILVIA/Documents/Unreal Projects/Timenox/Content/SuperGrid/StarterPack/Source/Textures/T_ConcreteWall_R.uasset" 661
"../../../../../Users/vijay.SILVIA/Documents/Unreal Projects/Timenox/Content/SuperGrid/StarterPack/Source/Textures/T_Hexagon_N.uasset" 662
"../../../../../Users/vijay.SILVIA/Documents/Unreal Projects/Timenox/Content/SuperGrid/StarterPack/Source/Textures/T_HexagonRandom.uasset" 663
"../../../../../Users/vijay.SILVIA/Documents/Unreal Projects/Timenox/Content/SuperGrid/StarterPack/Materials/Base/M_SuperGrid_Hexagon.uasset" 664
"../../../../../Users/vijay.SILVIA/Documents/Unreal Projects/Timenox/Content/SuperGrid/StarterPack/Materials/Palette/Advanced/M_SuperGrid_HexagonRed.uasset" 665
"../../../../../Users/vijay.SILVIA/Documents/Unreal Projects/Timenox/Content/SuperGrid/StarterPack/Materials/Palette/Advanced/M_SuperGrid_HexagonRed_Inst.uasset" 666
"../../../../../Users/vijay.SILVIA/Documents/Unreal Projects/Timenox/Content/SuperGrid/StarterPack/Materials/Functions/Basic/BreakSet.uasset" 667
"../../../../../Users/vijay.SILVIA/Documents/Unreal Projects/Timenox/Content/SuperGrid/StarterPack/Materials/Functions/Basic/MakeSet.uasset" 668
"../../../../../Users/vijay.SILVIA/Documents/Unreal Projects/Timenox/Content/SuperGrid/StarterPack/Materials/Functions/Basic/Roughness.uasset" 669
"../../../../../Users/vijay.SILVIA/Documents/Unreal Projects/Timenox/Content/SuperGrid/StarterPack/Materials/Functions/UV/UV_SetupGrid.uasset" 670
"../../../../../Users/vijay.SILVIA/Documents/Unreal Projects/Timenox/Content/SuperGrid/StarterPack/Source/Textures/T_ModernGrid_M.uasset" 671
"../../../../../Users/vijay.SILVIA/Documents/Unreal Projects/Timenox/Content/SuperGrid/StarterPack/Source/Textures/T_ModernGrid_N.uasset" 672
"../../../../../Users/vijay.SILVIA/Documents/Unreal Projects/Timenox/Content/SuperGrid/StarterPack/Materials/Base/M_SuperGrid_Modern.uasset" 673
"../../../../../Users/vijay.SILVIA/Documents/Unreal Projects/Timenox/Content/SuperGrid/StarterPack/Materials/Palette/Advanced/M_SuperGrid_ModernDark.uasset" 674
"../../../../../Users/vijay.SILVIA/Documents/Unreal Projects/Timenox/Content/SuperGrid/StarterPack/Materials/Palette/Advanced/M_SuperGrid_ModernLight.uasset" 675
"../../../../../Users/vijay.SILVIA/Documents/Unreal Projects/Timenox/Content/Fonts/Pixel.uasset" 676
"../../../../../Users/vijay.SILVIA/Documents/Unreal Projects/Timenox/Content/Fonts/Pixel_Font.uasset" 677
"../../../../../Users/vijay.SILVIA/Documents/Unreal Projects/Timenox/Content/Widgets/UIArt/Bg.uasset" 678
"../../../../../Users/vijay.SILVIA/Documents/Unreal Projects/Timenox/Content/Widgets/MainBG.uasset" 679
"../../../../../Users/vijay.SILVIA/Documents/Unreal Projects/Timenox/Content/Widgets/Login.uasset" 680
"../../../../../Users/vijay.SILVIA/Documents/Unreal Projects/Timenox/Content/Fonts/712_serif.uasset" 681
"../../../../../Users/vijay.SILVIA/Documents/Unreal Projects/Timenox/Content/Fonts/712_serif_Font.uasset" 682
"../../../../../Users/vijay.SILVIA/Documents/Unreal Projects/Timenox/Content/Fonts/UpheavalPro.uasset" 683
"../../../../../Users/vijay.SILVIA/Documents/Unreal Projects/Timenox/Content/Fonts/UpheavalPro_Font.uasset" 684
"../../../../../Users/vijay.SILVIA/Documents/Unreal Projects/Timenox/Content/Widgets/UIArt/Button.uasset" 685
"../../../../../Users/vijay.SILVIA/Documents/Unreal Projects/Timenox/Content/Widgets/UIArt/ButtonPressed.uasset" 686
"../../../../../Users/vijay.SILVIA/Documents/Unreal Projects/Timenox/Content/Widgets/UIArt/MessageBox.uasset" 687
"../../../../../Users/vijay.SILVIA/Documents/Unreal Projects/Timenox/Content/Widgets/MessageBoxes/QuitMessageBox.uasset" 688
"../../../../../Users/vijay.SILVIA/Documents/Unreal Projects/Timenox/Content/Widgets/UIArt/Cubit.uasset" 689
"../../../../../Users/vijay.SILVIA/Documents/Unreal Projects/Timenox/Content/Widgets/UIArt/topaz.uasset" 690
"../../Plugins/2D/Paper2D/Content/PlaceholderTextures/DummySpriteTexture.uasset" 691
"../../Plugins/2D/Paper2D/Content/DummySprite.uasset" 692
"../../Plugins/2D/Paper2D/Content/DefaultPaperTerrainMaterial.uasset" 693
"../../Plugins/2D/Paper2D/Content/DefaultSpriteMaterial.uasset" 694
"../../Plugins/2D/Paper2D/Content/MaskedUnlitSpriteMaterial.uasset" 695
"../../Plugins/2D/Paper2D/Content/OpaqueUnlitSpriteMaterial.uasset" 696
"../../Plugins/Runtime/Oculus/OculusVR/Content/OculusMR_RenderTarget.uasset" 697
"../../../Engine/Content/Functions/Engine_MaterialFunctions02/Utility/BreakOutFloat4Components.uasset" 698
"../../Plugins/Runtime/Oculus/OculusVR/Content/Materials/OculusMR_ChromaKey.uasset" 699
"../../Plugins/Runtime/Oculus/OculusVR/Content/Materials/OculusMR_ChromaKey_Lit.uasset" 700
"../../Plugins/Runtime/Oculus/OculusVR/Content/Materials/OculusMR_OpaqueColoredMaterial.uasset" 701
"../../Plugins/Runtime/Oculus/OculusVR/Content/Materials/OculusMR_WhiteMaterial.uasset" 702
"../../../Engine/Content/Maps/Entry_BuiltData.uasset" 703
"../../../Engine/Content/Maps/Entry.umap" 704
"../../../../../Users/vijay.SILVIA/Documents/Unreal Projects/Timenox/Content/CloudSaveGame.uasset" 705
"../../../../../Users/vijay.SILVIA/Documents/Unreal Projects/Timenox/Content/Player/FX/PrimitiveShapes/Circle.uasset" 706
"../../../../../Users/vijay.SILVIA/Documents/Unreal Projects/Timenox/Content/Player/FX/PrimitiveShapes/PixelParticleMat.uasset" 707
"../../../../../Users/vijay.SILVIA/Documents/Unreal Projects/Timenox/Content/Player/FX/PrimitiveShapes/PixelParticle_Circle.uasset" 708
"../../../../../Users/vijay.SILVIA/Documents/Unreal Projects/Timenox/Content/Player/FX/PrimitiveShapes/Square.uasset" 709
"../../../../../Users/vijay.SILVIA/Documents/Unreal Projects/Timenox/Content/Player/FX/PrimitiveShapes/PixelParticle_Square.uasset" 710
"../../../../../Users/vijay.SILVIA/Documents/Unreal Projects/Timenox/Content/Player/FX/Pixel_Impact.uasset" 711
"../../../../../Users/vijay.SILVIA/Documents/Unreal Projects/Timenox/Content/Player/FX/M_Trail.uasset" 712
"../../../../../Users/vijay.SILVIA/Documents/Unreal Projects/Timenox/Content/Player/FX/M_Trail_Inst.uasset" 713
"../../../../../Users/vijay.SILVIA/Documents/Unreal Projects/Timenox/Content/Player/FX/Trail_Param.uasset" 714
"../../../../../Users/vijay.SILVIA/Documents/Unreal Projects/Timenox/Content/Player/ProjectileSprites/Bullet.uasset" 715
"../../../../../Users/vijay.SILVIA/Documents/Unreal Projects/Timenox/Content/Player/ProjectileSprites/Bullet_Sprite.uasset" 716
"../../../../../Users/vijay.SILVIA/Documents/Unreal Projects/Timenox/Content/Enemies/DefaultProjectile.uasset" 717
"../../../../../Users/vijay.SILVIA/Documents/Unreal Projects/Timenox/Content/Fonts/nextArt/NEXT_ART_Light.uasset" 718
"../../../../../Users/vijay.SILVIA/Documents/Unreal Projects/Timenox/Content/Fonts/nextArt/NEXT_ART_Light_Font.uasset" 719
"../../../../../Users/vijay.SILVIA/Documents/Unreal Projects/Timenox/Content/Main/Blueprints/HudImages/Statusbar/mybar.uasset" 720
"../../../../../Users/vijay.SILVIA/Documents/Unreal Projects/Timenox/Content/Main/Blueprints/HudImages/Statusbar/M_ProgressbarFill.uasset" 721
"../../../../../Users/vijay.SILVIA/Documents/Unreal Projects/Timenox/Content/Main/Blueprints/HudImages/Statusbar/MI_ProgressFill.uasset" 722
"../../../../../Users/vijay.SILVIA/Documents/Unreal Projects/Timenox/Content/Main/Blueprints/HudImages/Statusbar/BG.uasset" 723
"../../../../../Users/vijay.SILVIA/Documents/Unreal Projects/Timenox/Content/Main/Blueprints/Widgets/W_StatBar.uasset" 724
"../../../../../Users/vijay.SILVIA/Documents/Unreal Projects/Timenox/Content/Fonts/zeroes_one.uasset" 725
"../../../../../Users/vijay.SILVIA/Documents/Unreal Projects/Timenox/Content/Fonts/zeroes_one_Font.uasset" 726
"../../../../../Users/vijay.SILVIA/Documents/Unreal Projects/Timenox/Content/Widgets/EnemyBar.uasset" 727
"../../../../../Users/vijay.SILVIA/Documents/Unreal Projects/Timenox/Content/512SFX/Death_Screams/Robot/sfx_deathscream_robot2.uasset" 728
"../../../../../Users/vijay.SILVIA/Documents/Unreal Projects/Timenox/Content/512SFX/General_Sounds/Simple_Damage_Sounds/sfx_damage_hit4.uasset" 729
"../../../../../Users/vijay.SILVIA/Documents/Unreal Projects/Timenox/Content/512SFX/Weapons/Single_Shot_Sounds/sfx_weapon_singleshot11.uasset" 730
"../../../../../Users/vijay.SILVIA/Documents/Unreal Projects/Timenox/Content/Enemies/Turrets/TriangleSprites/Basic1.uasset" 731
"../../../../../Users/vijay.SILVIA/Documents/Unreal Projects/Timenox/Content/Enemies/Turrets/TriangleSprites/Basic1_Sprite.uasset" 732
"../../../../../Users/vijay.SILVIA/Documents/Unreal Projects/Timenox/Content/Player/FX/Pixel_Explosion.uasset" 733
"../../../../../Users/vijay.SILVIA/Documents/Unreal Projects/Timenox/Content/Widgets/DamageNumber.uasset" 734
"../../../../../Users/vijay.SILVIA/Documents/Unreal Projects/Timenox/Content/Widgets/crosshair131.uasset" 735
"../../../../../Users/vijay.SILVIA/Documents/Unreal Projects/Timenox/Content/Widgets/TargetCircle.uasset" 736
"../../../../../Users/vijay.SILVIA/Documents/Unreal Projects/Timenox/Content/Enemies/Turrets/Turret_Master.uasset" 737
"../../../../../Users/vijay.SILVIA/Documents/Unreal Projects/Timenox/Content/Player/FX/Trail.uasset" 738
"../../../../../Users/vijay.SILVIA/Documents/Unreal Projects/Timenox/Content/Player/PlayerProjectile.uasset" 739
"../../../../../Users/vijay.SILVIA/Documents/Unreal Projects/Timenox/Content/Weapons/Rarity.uasset" 740
"../../../../../Users/vijay.SILVIA/Documents/Unreal Projects/Timenox/Content/Weapons/WeaponType.uasset" 741
"../../../../../Users/vijay.SILVIA/Documents/Unreal Projects/Timenox/Content/Weapons/Weapon.uasset" 742
"../../../Engine/Content/BasicShapes/BasicShapeMaterial.uasset" 743
"../../../Engine/Content/BasicShapes/Cube.uasset" 744
"../../../../../Users/vijay.SILVIA/Documents/Unreal Projects/Timenox/Content/512SFX/General_Sounds/Simple_Damage_Sounds/sfx_damage_hit5.uasset" 745
"../../../../../Users/vijay.SILVIA/Documents/Unreal Projects/Timenox/Content/512SFX/General_Sounds/Weird_Sounds/sfx_sound_shutdown1.uasset" 746
"../../../../../Users/vijay.SILVIA/Documents/Unreal Projects/Timenox/Content/512SFX/Weapons/Single_Shot_Sounds/sfx_weapon_singleshot15.uasset" 747
"../../../../../Users/vijay.SILVIA/Documents/Unreal Projects/Timenox/Content/Enemies/Turrets/Mat_LaserBeam.uasset" 748
"../../../../../Users/vijay.SILVIA/Documents/Unreal Projects/Timenox/Content/Enemies/Turrets/Par_LaserBeam.uasset" 749
"../../../../../Users/vijay.SILVIA/Documents/Unreal Projects/Timenox/Content/InputMethod.uasset" 750
"../../../../../Users/vijay.SILVIA/Documents/Unreal Projects/Timenox/Content/Player/PlayerSprites/BasicPlayer.uasset" 751
"../../../../../Users/vijay.SILVIA/Documents/Unreal Projects/Timenox/Content/Player/PlayerSprites/BasicPlayer_Sprite.uasset" 752
"../../../../../Users/vijay.SILVIA/Documents/Unreal Projects/Timenox/Content/Player/PlayerSprites/FB_BasicPlater.uasset" 753
"../../../../../Users/vijay.SILVIA/Documents/Unreal Projects/Timenox/Content/TouchInterface/shadedDark01.uasset" 754
"../../../../../Users/vijay.SILVIA/Documents/Unreal Projects/Timenox/Content/TouchInterface/shadedDark07.uasset" 755
"../../../../../Users/vijay.SILVIA/Documents/Unreal Projects/Timenox/Content/TouchInterface/TI_JoystickAutoAim.uasset" 756
"../../../../../Users/vijay.SILVIA/Documents/Unreal Projects/Timenox/Content/TouchInterface/TI_twinsticks.uasset" 757
"../../../../../Users/vijay.SILVIA/Documents/Unreal Projects/Timenox/Content/Widgets/UIArt/Heart.uasset" 758
"../../../../../Users/vijay.SILVIA/Documents/Unreal Projects/Timenox/Content/Widgets/UIArt/HeartFull.uasset" 759
"../../../../../Users/vijay.SILVIA/Documents/Unreal Projects/Timenox/Content/Widgets/Heart.uasset" 760
"../../../../../Users/vijay.SILVIA/Documents/Unreal Projects/Timenox/Content/Widgets/RuntimeText.uasset" 761
"../../../../../Users/vijay.SILVIA/Documents/Unreal Projects/Timenox/Content/Widgets/mainHUD.uasset" 762
"../../../../../Users/vijay.SILVIA/Documents/Unreal Projects/Timenox/Content/Widgets/circle-02-hit.uasset" 763
"../../../../../Users/vijay.SILVIA/Documents/Unreal Projects/Timenox/Content/Widgets/Reticle.uasset" 764
"../../../../../Users/vijay.SILVIA/Documents/Unreal Projects/Timenox/Content/Player/BP_Player.uasset" 765
"../../../Engine/Content/Functions/Engine_MaterialFunctions02/Texturing/CustomRotator.uasset" 766
"../../../../../Users/vijay.SILVIA/Documents/Unreal Projects/Timenox/Content/Hand_Painted_Starter_Kit/Texture/vol_4_2_Ambient_Occlusion.uasset" 767
"../../../../../Users/vijay.SILVIA/Documents/Unreal Projects/Timenox/Content/Hand_Painted_Starter_Kit/Texture/vol_4_2_Base_Color.uasset" 768
"../../../../../Users/vijay.SILVIA/Documents/Unreal Projects/Timenox/Content/Hand_Painted_Starter_Kit/Texture/vol_4_2_Normal.uasset" 769
"../../../../../Users/vijay.SILVIA/Documents/Unreal Projects/Timenox/Content/Hand_Painted_Starter_Kit/Texture/vol_4_2_Roughness.uasset" 770
"../../../../../Users/vijay.SILVIA/Documents/Unreal Projects/Timenox/Content/Hand_Painted_Starter_Kit/Material/Vol_4_2.uasset" 771
"../../../../../Users/vijay.SILVIA/Documents/Unreal Projects/Timenox/Content/Hand_Painted_Starter_Kit/Material/Instances/Vol_4_2_Inst.uasset" 772
"../../../../../Users/vijay.SILVIA/Documents/Unreal Projects/Timenox/Content/Levels/LevelData.uasset" 773
"../../../../../Users/vijay.SILVIA/Documents/Unreal Projects/Timenox/Content/Weapons/Mod.uasset" 774
"../../../../../Users/vijay.SILVIA/Documents/Unreal Projects/Timenox/Content/Player/PlayerInfo.uasset" 775
"../../../../../Users/vijay.SILVIA/Documents/Unreal Projects/Timenox/Content/512SFX/General_Sounds/Menu_Sounds/sfx_menu_move1.uasset" 776
"../../../../../Users/vijay.SILVIA/Documents/Unreal Projects/Timenox/Content/Widgets/EquipmentScreen.uasset" 777
"../../../../../Users/vijay.SILVIA/Documents/Unreal Projects/Timenox/Content/Planets/PlanetStruct.uasset" 778
"../../../../../Users/vijay.SILVIA/Documents/Unreal Projects/Timenox/Content/Planets/Planets.uasset" 779
"../../../../../Users/vijay.SILVIA/Documents/Unreal Projects/Timenox/Content/Widgets/PlanetSelect.uasset" 780
"../../../../../Users/vijay.SILVIA/Documents/Unreal Projects/Timenox/Content/Widgets/UIArt/padlock.uasset" 781
"../../../../../Users/vijay.SILVIA/Documents/Unreal Projects/Timenox/Content/Widgets/PlanetSelect_LOCKED.uasset" 782
"../../../../../Users/vijay.SILVIA/Documents/Unreal Projects/Timenox/Content/Widgets/playScreen.uasset" 783
"../../../../../Users/vijay.SILVIA/Documents/Unreal Projects/Timenox/Content/Widgets/settingsScreen.uasset" 784
"../../../../../Users/vijay.SILVIA/Documents/Unreal Projects/Timenox/Content/Widgets/UIArt/cube.uasset" 785
"../../../../../Users/vijay.SILVIA/Documents/Unreal Projects/Timenox/Content/Widgets/UIArt/saphir.uasset" 786
"../../../../../Users/vijay.SILVIA/Documents/Unreal Projects/Timenox/Content/Widgets/MainMenu.uasset" 787
"../../../../../Users/vijay.SILVIA/Documents/Unreal Projects/Timenox/Content/Widgets/MessageBoxes/MessageBox.uasset" 788
"../../../../../Users/vijay.SILVIA/Documents/Unreal Projects/Timenox/Content/AppData.uasset" 789
"../../../../../Users/vijay.SILVIA/Documents/Unreal Projects/Timenox/Content/512SFX/General_Sounds/Buttons/sfx_sounds_button12.uasset" 790
"../../../../../Users/vijay.SILVIA/Documents/Unreal Projects/Timenox/Content/512SFX/General_Sounds/Buttons/sfx_sounds_button3.uasset" 791
"../../../../../Users/vijay.SILVIA/Documents/Unreal Projects/Timenox/Content/Widgets/UIArt/flatLight45.uasset" 792
"../../../../../Users/vijay.SILVIA/Documents/Unreal Projects/Timenox/Content/Widgets/MessageBoxes/AccountRecovery.uasset" 793
"../../../../../Users/vijay.SILVIA/Documents/Unreal Projects/Timenox/Content/Widgets/MessageBoxes/EmailPrompt.uasset" 794
"../../../../../Users/vijay.SILVIA/Documents/Unreal Projects/Timenox/Content/Widgets/UIArt/flatLight10.uasset" 795
"../../../../../Users/vijay.SILVIA/Documents/Unreal Projects/Timenox/Content/Widgets/UIArt/flatLight21.uasset" 796
"../../../../../Users/vijay.SILVIA/Documents/Unreal Projects/Timenox/Content/Widgets/MessageBoxes/LoginBox.uasset" 797
"../../../../../Users/vijay.SILVIA/Documents/Unreal Projects/Timenox/Content/Widgets/PlayLogin.uasset" 798
"../../../../../Users/vijay.SILVIA/Documents/Unreal Projects/Timenox/Content/GI_Timenox.uasset" 799
"../../../../../Users/vijay.SILVIA/Documents/Unreal Projects/Timenox/Content/Timenox_PC.uasset" 800
"../../../../../Users/vijay.SILVIA/Documents/Unreal Projects/Timenox/Content/Music/MP/Sea_Breeze.uasset" 801
"../../../../../Users/vijay.SILVIA/Documents/Unreal Projects/Timenox/Content/Music/MP/Sea_Breeze_Cue.uasset" 802
"../../../../../Users/vijay.SILVIA/Documents/Unreal Projects/Timenox/Content/GM_Menu.uasset" 803
"../../../../../Users/vijay.SILVIA/Documents/Unreal Projects/Timenox/Content/Levels/MainMenu_BuiltData.uasset" 804
"../../../../../Users/vijay.SILVIA/Documents/Unreal Projects/Timenox/Content/Levels/MainMenu.umap" 805
"../../../../../Users/vijay.SILVIA/Documents/Unreal Projects/Timenox/Content/Enemies/Turrets/Turret_Sniper.uasset" 806
"../../../../../Users/vijay.SILVIA/Documents/Unreal Projects/Timenox/Content/Player/PlayerSpawn.uasset" 807
"../../../../../Users/vijay.SILVIA/Documents/Unreal Projects/Timenox/Content/Music/MP/PlaySound.uasset" 808
"../../../../../Users/vijay.SILVIA/Documents/Unreal Projects/Timenox/Content/GM_Timenox.uasset" 809
"../../../../../Users/vijay.SILVIA/Documents/Unreal Projects/Timenox/Content/Player/FX/PrimitiveShapes/SquareNoOutline.uasset" 810
"../../../../../Users/vijay.SILVIA/Documents/Unreal Projects/Timenox/Content/Player/FX/PrimitiveShapes/SquareNoOutline_Sprite.uasset" 811
"../../../../../Users/vijay.SILVIA/Documents/Unreal Projects/Timenox/Content/Levels/Wall.uasset" 812
"../../../../../Users/vijay.SILVIA/Documents/Unreal Projects/Timenox/Content/Levels/TestLevel_BuiltData.uasset" 813
"../../../../../Users/vijay.SILVIA/Documents/Unreal Projects/Timenox/Content/Hand_Painted_Starter_Kit/Texture/Vol_7_3_Ambient_Occlusion.uasset" 814
"../../../../../Users/vijay.SILVIA/Documents/Unreal Projects/Timenox/Content/Hand_Painted_Starter_Kit/Texture/Vol_7_3_Base_Color.uasset" 815
"../../../../../Users/vijay.SILVIA/Documents/Unreal Projects/Timenox/Content/Hand_Painted_Starter_Kit/Texture/Vol_7_3_Normal.uasset" 816
"../../../../../Users/vijay.SILVIA/Documents/Unreal Projects/Timenox/Content/Hand_Painted_Starter_Kit/Texture/Vol_7_3_Roughness.uasset" 817
"../../../../../Users/vijay.SILVIA/Documents/Unreal Projects/Timenox/Content/Hand_Painted_Starter_Kit/Material/Vol_7_3.uasset" 818
"../../../../../Users/vijay.SILVIA/Documents/Unreal Projects/Timenox/Content/Hand_Painted_Starter_Kit/Material/Instances/Vol_7_3_Inst.uasset" 819
"../../../Engine/Content/EngineResources/GrayTextureCube.uasset" 820
"../../../../../Users/vijay.SILVIA/Documents/Unreal Projects/Timenox/Content/Levels/TestLevel.umap" 821
"../../../../../Users/vijay.SILVIA/Documents/Unreal Projects/Timenox/Content/SuperGrid/StarterPack/Materials/Functions/Texture/Dye_SingleColor.uasset" 822
"../../../../../Users/vijay.SILVIA/Documents/Unreal Projects/Timenox/Content/SuperGrid/StarterPack/Source/Textures/T_BasicGrid_M.uasset" 823
"../../../../../Users/vijay.SILVIA/Documents/Unreal Projects/Timenox/Content/SuperGrid/StarterPack/Materials/Functions/Texture/Tex_SimpleGrid.uasset" 824
"../../../../../Users/vijay.SILVIA/Documents/Unreal Projects/Timenox/Content/SuperGrid/StarterPack/Source/Textures/T_BasicGrid_N.uasset" 825
"../../../../../Users/vijay.SILVIA/Documents/Unreal Projects/Timenox/Content/SuperGrid/StarterPack/Materials/Base/M_SuperGrid_SingleColor.uasset" 826
"../../../../../Users/vijay.SILVIA/Documents/Unreal Projects/Timenox/Content/SuperGrid/StarterPack/Materials/Palette/Grids/M_SuperGrid_Default.uasset" 827
"../../../../../Users/vijay.SILVIA/Documents/Unreal Projects/Timenox/Content/SuperGrid/StarterPack/Blueprints/S_SuperGridGroup.uasset" 828
"../../../../../Users/vijay.SILVIA/Documents/Unreal Projects/Timenox/Content/SuperGrid/StarterPack/Blueprints/SuperGridAssetInterface.uasset" 829
"../../../../../Users/vijay.SILVIA/Documents/Unreal Projects/Timenox/Content/SuperGrid/StarterPack/Source/Textures/Templates/T_SGGroup.uasset" 830
"../../../../../Users/vijay.SILVIA/Documents/Unreal Projects/Timenox/Content/SuperGrid/StarterPack/Blueprints/SuperGrid_Group.uasset" 831
"../../../../../Users/vijay.SILVIA/Documents/Unreal Projects/Timenox/Content/Levels/Planets/Lvlmat/Mat_SolidColor.uasset" 832
"../../../../../Users/vijay.SILVIA/Documents/Unreal Projects/Timenox/Content/Levels/Planets/Lvlmat/MI_Orange10.uasset" 833
"../../../Engine/Content/BasicShapes/Plane.uasset" 834
"../../../../../Users/vijay.SILVIA/Documents/Unreal Projects/Timenox/Content/Levels/Planets/Decor/Triangle.uasset" 835
"../../../../../Users/vijay.SILVIA/Documents/Unreal Projects/Timenox/Content/Levels/Planets/Decor/OrangeArrow.uasset" 836
"../../../../../Users/vijay.SILVIA/Documents/Unreal Projects/Timenox/Content/SuperGrid/StarterPack/Materials/Functions/Basic/Layout_LocalSides.uasset" 837
"../../../../../Users/vijay.SILVIA/Documents/Unreal Projects/Timenox/Content/SuperGrid/StarterPack/Materials/Functions/Basic/Layout_WorldSides.uasset" 838
"../../../../../Users/vijay.SILVIA/Documents/Unreal Projects/Timenox/Content/SuperGrid/StarterPack/Materials/Base/M_SuperGrid_Orientation.uasset" 839
"../../../../../Users/vijay.SILVIA/Documents/Unreal Projects/Timenox/Content/SuperGrid/StarterPack/Materials/Palette/Advanced/M_SuperGrid_Auto.uasset" 840
"../../../../../Users/vijay.SILVIA/Documents/Unreal Projects/Timenox/Content/SuperGrid/StarterPack/Source/Meshes/SuperGrid_BoxCentered.uasset" 841
"../../../../../Users/vijay.SILVIA/Documents/Unreal Projects/Timenox/Content/SuperGrid/StarterPack/Source/Meshes/SuperGrid_CylinderFull.uasset" 842
"../../../../../Users/vijay.SILVIA/Documents/Unreal Projects/Timenox/Content/SuperGrid/StarterPack/Blueprints/SuperGrid_Wall.uasset" 843
"../../../../../Users/vijay.SILVIA/Documents/Unreal Projects/Timenox/Content/Levels/Planets/tutorial/Tutorial_BuiltData.uasset" 844
"../../../../../Users/vijay.SILVIA/Documents/Unreal Projects/Timenox/Content/scifi_kitbash/textures/T_Wallfabric01_Black_BC.uasset" 845
"../../../../../Users/vijay.SILVIA/Documents/Unreal Projects/Timenox/Content/scifi_kitbash/materials/MI_Wallfabric02_Black.uasset" 846
"../../../../../Users/vijay.SILVIA/Documents/Unreal Projects/Timenox/Content/scifi_kitbash/textures/T_Barrel01_AO.uasset" 847
"../../../../../Users/vijay.SILVIA/Documents/Unreal Projects/Timenox/Content/scifi_kitbash/textures/T_Barrel01_BC.uasset" 848
"../../../../../Users/vijay.SILVIA/Documents/Unreal Projects/Timenox/Content/scifi_kitbash/textures/T_Barrel01_N.uasset" 849
"../../../../../Users/vijay.SILVIA/Documents/Unreal Projects/Timenox/Content/scifi_kitbash/materials/MI_Barrel01.uasset" 850
"../../../../../Users/vijay.SILVIA/Documents/Unreal Projects/Timenox/Content/scifi_kitbash/meshes/SM_Barrel.uasset" 851
"../../../../../Users/vijay.SILVIA/Documents/Unreal Projects/Timenox/Content/scifi_kitbash/meshes/SM_Beam01.uasset" 852
"../../../../../Users/vijay.SILVIA/Documents/Unreal Projects/Timenox/Content/scifi_kitbash/meshes/SM_Cable01.uasset" 853
"../../../../../Users/vijay.SILVIA/Documents/Unreal Projects/Timenox/Content/scifi_kitbash/meshes/SM_Cable06.uasset" 854
"../../../../../Users/vijay.SILVIA/Documents/Unreal Projects/Timenox/Content/scifi_kitbash/meshes/SM_Crate01.uasset" 855
"../../../../../Users/vijay.SILVIA/Documents/Unreal Projects/Timenox/Content/scifi_kitbash/textures/T_Fabric01_BC.uasset" 856
"../../../../../Users/vijay.SILVIA/Documents/Unreal Projects/Timenox/Content/scifi_kitbash/textures/T_Fabric01_N.uasset" 857
"../../../../../Users/vijay.SILVIA/Documents/Unreal Projects/Timenox/Content/scifi_kitbash/textures/T_Fabric01_R.uasset" 858
"../../../../../Users/vijay.SILVIA/Documents/Unreal Projects/Timenox/Content/scifi_kitbash/materials/MI_Fabric01.uasset" 859
"../../../../../Users/vijay.SILVIA/Documents/Unreal Projects/Timenox/Content/scifi_kitbash/meshes/SM_Fabric01.uasset" 860
"../../../../../Users/vijay.SILVIA/Documents/Unreal Projects/Timenox/Content/scifi_kitbash/meshes/SM_FabricPipe04.uasset" 861
"../../../../../Users/vijay.SILVIA/Documents/Unreal Projects/Timenox/Content/scifi_kitbash/meshes/SM_FabricPipe05.uasset" 862
"../../../../../Users/vijay.SILVIA/Documents/Unreal Projects/Timenox/Content/scifi_kitbash/meshes/SM_Light01.uasset" 863
"../../../../../Users/vijay.SILVIA/Documents/Unreal Projects/Timenox/Content/SuperGrid/StarterPack/Source/Meshes/SuperGrid_Plane.uasset" 864
"../../../../../Users/vijay.SILVIA/Documents/Unreal Projects/Timenox/Content/Levels/Planets/tutorial/Tutorial.umap" 865
