"../../../../../Users/vijay.SILVIA/Documents/Unreal Projects/Timenox/Content/Music/ArcadeLoop/Cyberpunk_Moonlight_Sonata_v2.uasset" 0
"../../../../../Users/vijay.SILVIA/Documents/Unreal Projects/Timenox/Content/Music/ArcadeLoop/It__039_s_Raining_Pixels.uasset" 1
"../../../../../Users/vijay.SILVIA/Documents/Unreal Projects/Timenox/Content/Music/ArcadeLoop/Juhani_Junkala__Retro_Game_Music_Pack__Level_1.uasset" 2
"../../../../../Users/vijay.SILVIA/Documents/Unreal Projects/Timenox/Content/Music/ArcadeLoop/Juhani_Junkala__Retro_Game_Music_Pack__Level_2.uasset" 3
"../../../../../Users/vijay.SILVIA/Documents/Unreal Projects/Timenox/Content/Music/ArcadeLoop/Juhani_Junkala__Retro_Game_Music_Pack__Level_3.uasset" 4
"../../../../../Users/vijay.SILVIA/Documents/Unreal Projects/Timenox/Content/Music/ArcadeLoop/Venus.uasset" 5
"../../../../../Users/vijay.SILVIA/Documents/Unreal Projects/Timenox/Content/Widgets/circle-02.uasset" 6
"../../../../../Users/vijay.SILVIA/Documents/Unreal Projects/Timenox/Content/Widgets/crosshair135.uasset" 7
"../../../../../Users/vijay.SILVIA/Documents/Unreal Projects/Timenox/Content/Widgets/image0019.uasset" 8
"../../../Engine/Content/Animation/DefaultAnimCurveCompressionSettings.uasset" 9
"../../../Engine/Content/Functions/Engine_MaterialFunctions01/Opacity/CameraDepthFade.uasset" 10
"../../../Engine/Content/EngineMaterials/T_Default_Material_Grid_M.uasset" 11
"../../../Engine/Content/EngineMaterials/T_Default_Material_Grid_N.uasset" 12
"../../../Engine/Content/EngineMaterials/WorldGridMaterial.uasset" 13
"../../../Engine/Content/ArtTools/RenderToTexture/Meshes/S_1_Unit_Plane.uasset" 14
"../../../Engine/Content/EngineMaterials/DefaultMaterial.uasset" 15
"../../../Engine/Content/BasicShapes/Cone.uasset" 16
"../../../Engine/Content/BasicShapes/Cylinder.uasset" 17
"../../../Engine/Content/BasicShapes/Plane.uasset" 18
"../../../Engine/Content/BasicShapes/Sphere.uasset" 19
"../../../Engine/Content/EditorLandscapeResources/DataLayer.uasset" 20
"../../../Engine/Content/EditorMaterials/GizmoMaterial.uasset" 21
"../../../Engine/Content/EditorMaterials/MAT_Groups_Toggle.uasset" 22
"../../../Engine/Content/EditorMaterials/MAT_Groups_Visibility.uasset" 23
"../../../Engine/Content/EditorMaterials/PreviewShadowIndicator.uasset" 24
"../../../Engine/Content/EditorMaterials/PreviewShadowIndicatorMaterial.uasset" 25
"../../../Engine/Content/EditorMaterials/MatineeGroups/MAT_ColorTrack.uasset" 26
"../../../Engine/Content/EditorMaterials/MatineeGroups/MAT_Groups_Anim.uasset" 27
"../../../Engine/Content/EditorMaterials/MatineeGroups/MAT_Groups_AudioMaster.uasset" 28
"../../../Engine/Content/EditorMaterials/MatineeGroups/MAT_Groups_Director.uasset" 29
"../../../Engine/Content/EditorMaterials/MatineeGroups/MAT_Groups_Event.uasset" 30
"../../../Engine/Content/EditorMaterials/MatineeGroups/MAT_Groups_Fade.uasset" 31
"../../../Engine/Content/EditorMaterials/MatineeGroups/MAT_Groups_Float.uasset" 32
"../../../Engine/Content/EditorMaterials/MatineeGroups/MAT_Groups_Move.uasset" 33
"../../../Engine/Content/EditorMaterials/MatineeGroups/MAT_Groups_Slomo.uasset" 34
"../../../Engine/Content/EditorMaterials/MatineeGroups/MAT_Groups_Sound.uasset" 35
"../../../Engine/Content/EditorMaterials/MatineeGroups/MAT_Groups_Vector.uasset" 36
"../../../Engine/Content/EditorMaterials/ParticleSystems/PSysThumbnail_NoImage.uasset" 37
"../../../Engine/Content/EditorMaterials/ParticleSystems/PSysThumbnail_OOD.uasset" 38
"../../../Engine/Content/EditorMaterials/Camera/CineMat.uasset" 39
"../../../Engine/Content/EditorMaterials/Camera/MI_CineMat_Rig.uasset" 40
"../../../Engine/Content/EditorMeshes/Camera/SM_CraneRig_Arm.uasset" 41
"../../../Engine/Content/EditorMeshes/Camera/SM_CraneRig_Base.uasset" 42
"../../../Engine/Content/EditorMeshes/Camera/SM_CraneRig_Body.uasset" 43
"../../../Engine/Content/EditorMeshes/Camera/SM_CraneRig_Mount.uasset" 44
"../../../Engine/Content/EditorMeshes/Camera/SM_RailRig_Mount.uasset" 45
"../../../Engine/Content/EditorMeshes/Camera/SM_RailRig_Track.uasset" 46
"../../../Engine/Content/EditorResources/BSPVertex.uasset" 47
"../../../Engine/Content/EditorResources/EmptyActor.uasset" 48
"../../../Engine/Content/EditorResources/S_Actor.uasset" 49
"../../../Engine/Content/EditorResources/S_Note.uasset" 50
"../../../Engine/Content/EditorResources/S_Solver.uasset" 51
"../../../Engine/Content/EditorResources/S_Trigger.uasset" 52
"../../../Engine/Content/EditorResources/AudioIcons/S_AudioComponent_AutoActivate.uasset" 53
"../../../Engine/Content/EditorResources/SequenceRecorder/Countdown.uasset" 54
"../../../Engine/Content/EditorResources/SequenceRecorder/RecordingIndicator.uasset" 55
"../../../Engine/Content/EditorSounds/Notifications/CompileFailed.uasset" 56
"../../../Engine/Content/EditorSounds/Notifications/CompileFailed_Cue.uasset" 57
"../../../Engine/Content/EditorSounds/Notifications/CompileSuccess.uasset" 58
"../../../Engine/Content/EditorSounds/Notifications/CompileStart_Cue.uasset" 59
"../../../Engine/Content/EditorSounds/Notifications/CompileSuccess_Cue.uasset" 60
"../../../Engine/Content/EngineDamageTypes/DmgTypeBP_Environmental.uasset" 61
"../../../Engine/Content/EngineDebugMaterials/HeatmapGradient.uasset" 62
"../../../Engine/Content/EngineDebugMaterials/BoneWeightMaterial.uasset" 63
"../../../Engine/Content/EngineDebugMaterials/ClothMaterial.uasset" 64
"../../../Engine/Content/EngineDebugMaterials/ClothMaterial_WF.uasset" 65
"../../../Engine/Content/EngineDebugMaterials/DebugEditorMaterial.uasset" 66
"../../../Engine/Content/EngineDebugMaterials/DebugMeshMaterial.uasset" 67
"../../../Engine/Content/EngineDebugMaterials/GeomMaterial.uasset" 68
"../../../Engine/Content/EngineDebugMaterials/M_SimpleTranslucent.uasset" 69
"../../../Engine/Content/Functions/Engine_MaterialFunctions02/Utility/CameraDirectionVector.uasset" 70
"../../../Engine/Content/EngineDebugMaterials/VolumeToRender.uasset" 71
"../../../Engine/Content/EngineDebugMaterials/M_VolumeRenderSphereTracePP.uasset" 72
"../../../Engine/Content/EngineDebugMaterials/WireframeMaterial.uasset" 73
"../../../Engine/Content/EngineFonts/Faces/RobotoBold.uasset" 74
"../../../Engine/Content/EngineFonts/Faces/RobotoBoldItalic.uasset" 75
"../../../Engine/Content/EngineFonts/Faces/RobotoItalic.uasset" 76
"../../../Engine/Content/EngineFonts/Faces/RobotoLight.uasset" 77
"../../../Engine/Content/EngineFonts/Faces/RobotoRegular.uasset" 78
"../../../Engine/Content/EngineFonts/Roboto.uasset" 79
"../../../Engine/Content/EngineFonts/Faces/RobotoTiny.uasset" 80
"../../../Engine/Content/EngineFonts/RobotoTiny.uasset" 81
"../../../Engine/Content/EngineMaterials/BaseFlattenDiffuseMap.uasset" 82
"../../../Engine/Content/EngineMaterials/BaseFlattenEmissiveMap.uasset" 83
"../../../Engine/Content/EngineMaterials/BaseFlattenGrayscaleMap.uasset" 84
"../../../Engine/Content/EngineMaterials/BaseFlattenNormalMap.uasset" 85
"../../../Engine/Content/EngineMaterials/BaseFlattenMaterial.uasset" 86
"../../../Engine/Content/EngineMaterials/BlueNoise.uasset" 87
"../../../Engine/Content/EngineMaterials/DefaultBloomKernel.uasset" 88
"../../../Engine/Content/EngineMaterials/DefaultBokeh.uasset" 89
"../../../Engine/Content/EngineMaterials/DefaultDiffuse.uasset" 90
"../../../Engine/Content/EngineMaterials/DefaultDeferredDecalMaterial.uasset" 91
"../../../Engine/Content/EngineMaterials/DefaultLightFunctionMaterial.uasset" 92
"../../../Engine/Content/EngineMaterials/DefaultPhysicalMaterial.uasset" 93
"../../../Engine/Content/Functions/Engine_MaterialFunctions02/Utility/BreakOutFloat2Components.uasset" 94
"../../../Engine/Content/EngineMaterials/DefaultPostProcessMaterial.uasset" 95
"../../../Engine/Content/EngineFonts/RobotoDistanceField.uasset" 96
"../../../Engine/Content/EngineMaterials/DefaultTextMaterialOpaque.uasset" 97
"../../../Engine/Content/EngineMaterials/DefaultVirtualTextureMaterial.uasset" 98
"../../../Engine/Content/EngineMaterials/DefaultWhiteGrid.uasset" 99
"../../../Engine/Content/EngineMaterials/EditorBrushMaterial.uasset" 100
"../../../Engine/Content/EngineMaterials/DefaultWhiteGrid_Low.uasset" 101
"../../../Engine/Content/EngineMaterials/EmissiveMeshMaterial.uasset" 102
"../../../Engine/Content/EngineMaterials/Good64x64TilingNoiseHighFreq.uasset" 103
"../../../Engine/Content/EngineMaterials/MiniFont.uasset" 104
"../../../Engine/Content/EngineMaterials/InvalidLightmapSettings.uasset" 105
"../../../Engine/Content/EngineMaterials/M_InvalidLightmapSettings.uasset" 106
"../../../Engine/Content/Functions/Engine_MaterialFunctions02/WorldPositionOffset/CameraOffset.uasset" 107
"../../../Engine/Content/EngineMaterials/PhAT_JointLimitMaterial.uasset" 108
"../../../Engine/Content/EngineMaterials/PreintegratedSkinBRDF.uasset" 109
"../../../Engine/Content/EngineMaterials/RemoveSurfaceMaterial.uasset" 110
"../../../Engine/Content/EngineMaterials/WeightMapPlaceholderTexture.uasset" 111
"../../../Engine/Content/EngineResources/WhiteSquareTexture.uasset" 112
"../../../Engine/Content/EngineMaterials/Widget3DPassThrough.uasset" 113
"../../../Engine/Content/EngineMaterials/Widget3DPassThrough_Masked.uasset" 114
"../../../Engine/Content/EngineMaterials/Widget3DPassThrough_Opaque.uasset" 115
"../../../Engine/Content/EngineMaterials/Widget3DPassThrough_Masked_OneSided.uasset" 116
"../../../Engine/Content/EngineMaterials/Widget3DPassThrough_Opaque_OneSided.uasset" 117
"../../../Engine/Content/EngineMaterials/Widget3DPassThrough_Translucent.uasset" 118
"../../../Engine/Content/EngineMaterials/Widget3DPassThrough_Translucent_OneSided.uasset" 119
"../../../Engine/Content/EngineMeshes/Cylinder.uasset" 120
"../../../Engine/Content/EngineMeshes/Sphere.uasset" 121
"../../../Engine/Content/EngineResources/Black.uasset" 122
"../../../Engine/Content/EngineResources/DefaultTexture.uasset" 123
"../../../Engine/Content/EngineResources/DefaultTextureCube.uasset" 124
"../../../Engine/Content/EngineResources/DefaultVolumeTexture2D.uasset" 125
"../../../Engine/Content/EngineResources/DefaultVolumeTexture.uasset" 126
"../../../Engine/Content/EngineResources/GradientTexture0.uasset" 127
"../../../Engine/Content/Functions/Engine_MaterialFunctions01/Shading/ConvertFromDiffSpec.uasset" 128
"../../../Engine/Content/Functions/Engine_MaterialFunctions01/Shading/PowerToRoughness.uasset" 129
"../../../Engine/Content/Maps/Templates/Thumbnails/Default.uasset" 130
"../../../Engine/Content/Maps/Templates/Thumbnails/VR-Basic.uasset" 131
"../../../Engine/Content/MobileResources/T_MobileControls_texture.uasset" 132
"../../../Engine/Content/MobileResources/T_MobileMenu2.uasset" 133
"../../../Engine/Content/MobileResources/HUD/AnalogHat.uasset" 134
"../../../Engine/Content/MobileResources/HUD/VirtualJoystick_Background.uasset" 135
"../../../Engine/Content/MobileResources/HUD/VirtualJoystick_Thumb.uasset" 136
"../../../Engine/Content/MobileResources/HUD/DefaultVirtualJoysticks.uasset" 137
"../../../Engine/Content/MobileResources/HUD/LeftVirtualJoystickOnly.uasset" 138
"../../../Engine/Content/MobileResources/HUD/MobileHUDButton1_off.uasset" 139
"../../../Engine/Content/MobileResources/HUD/MobileHUDButton1_on.uasset" 140
"../../../Engine/Content/MobileResources/HUD/MobileHUDButton2_off.uasset" 141
"../../../Engine/Content/MobileResources/HUD/MobileHUDButton2_on.uasset" 142
"../../../Engine/Content/MobileResources/HUD/MobileHUDButton3.uasset" 143
"../../../Engine/Content/MobileResources/HUD/MobileHUDButtonFire.uasset" 144
"../../../Engine/Content/MobileResources/HUD/MobileHUDDirectionPad.uasset" 145
"../../../Engine/Content/MobileResources/HUD/MobileHUDDirectionPad2.uasset" 146
"../../../Engine/Content/MobileResources/HUD/MobileHUDDirectionPad3.uasset" 147
"../../../Engine/Content/MobileResources/HUD/MobileHUDDirectionStick.uasset" 148
"../../../Engine/Content/MobileResources/HUD/T_Castle_ThumbstickInner.uasset" 149
"../../../Engine/Content/MobileResources/HUD/T_Castle_ThumbstickOutter.uasset" 150
"../../../Engine/Content/Tutorial/ContentIntroCurve.uasset" 151
"../../../Engine/Content/Tutorial/Basics/LevelEditorAttract.uasset" 152
"../../../Engine/Content/Tutorial/Basics/TutorialAssets/icon_tab_Levels_40x.uasset" 153
"../../../Engine/Content/Tutorial/Basics/LevelEditorOverview.uasset" 154
"../../../Engine/Content/Tutorial/Mobile/TutorialAssets/android_Icon.uasset" 155
"../../../Engine/Content/Tutorial/Mobile/SettingUpAndroidTutorial.uasset" 156
"../../../Engine/Content/VREditor/LaserPointer/VR_LaserPower_01.uasset" 157
"../../../Engine/Content/VREditor/TransformGizmo/TransformGizmoMaterial.uasset" 158
"../../../Engine/Content/VREditor/TransformGizmo/TranslucentTransformGizmoMaterial.uasset" 159
"../../../Engine/Content/VREditor/TransformGizmo/BoundingBoxCorner.uasset" 160
"../../../Engine/Content/VREditor/TransformGizmo/BoundingBoxEdge.uasset" 161
"../../../Engine/Content/VREditor/TransformGizmo/PlaneTranslationHandle.uasset" 162
"../../../Engine/Content/VREditor/TransformGizmo/Main.uasset" 163
"../../../Engine/Content/VREditor/TransformGizmo/Xray.uasset" 164
"../../../Engine/Content/VREditor/TransformGizmo/SM_Sequencer_Key.uasset" 165
"../../../Engine/Content/VREditor/TransformGizmo/SM_Sequencer_Node.uasset" 166
"../../Plugins/2D/Paper2D/Content/PlaceholderTextures/DummySpriteTexture.uasset" 167
"../../Plugins/2D/Paper2D/Content/DummySprite.uasset" 168
"../../Plugins/2D/Paper2D/Content/DefaultPaperTerrainMaterial.uasset" 169
"../../Plugins/2D/Paper2D/Content/DummySpriteTexture.uasset" 170
"../../Plugins/2D/Paper2D/Content/DefaultSpriteMaterial.uasset" 171
"../../Plugins/2D/Paper2D/Content/MaskedUnlitSpriteMaterial.uasset" 172
"../../Plugins/2D/Paper2D/Content/OpaqueUnlitSpriteMaterial.uasset" 173
"../../Plugins/Runtime/Oculus/OculusVR/Content/OculusMR_RenderTarget.uasset" 174
"../../../Engine/Content/Functions/Engine_MaterialFunctions02/Utility/BreakOutFloat4Components.uasset" 175
"../../../Engine/Content/Functions/Engine_MaterialFunctions02/Utility/MakeFloat2.uasset" 176
"../../../Engine/Content/Functions/Engine_MaterialFunctions02/Utility/MakeFloat3.uasset" 177
"../../Plugins/Runtime/Oculus/OculusVR/Content/Materials/OculusMR_ChromaKey.uasset" 178
"../../Plugins/Runtime/Oculus/OculusVR/Content/Materials/OculusMR_ChromaKey_Lit.uasset" 179
"../../Plugins/Runtime/Oculus/OculusVR/Content/Materials/OculusMR_OpaqueColoredMaterial.uasset" 180
"../../Plugins/Runtime/Oculus/OculusVR/Content/Materials/OculusMR_WhiteMaterial.uasset" 181
"../../../../../Users/vijay.SILVIA/Documents/Unreal Projects/Timenox/Content/GM_Menu.uasset" 182
"../../../../../Users/vijay.SILVIA/Documents/Unreal Projects/Timenox/Content/Levels/MainMenu_BuiltData.uasset" 183
"../../../../../Users/vijay.SILVIA/Documents/Unreal Projects/Timenox/Content/MobileStarterContent/Audio/Starter_Music01.uasset" 184
"../../../../../Users/vijay.SILVIA/Documents/Unreal Projects/Timenox/Content/MobileStarterContent/Audio/Starter_Music_Cue.uasset" 185
"../../../Engine/Content/EditorBlueprintResources/StandardMacros.uasset" 186
"../../../../../Users/vijay.SILVIA/Documents/Unreal Projects/Timenox/Content/Fonts/zeroes_one.uasset" 187
"../../../../../Users/vijay.SILVIA/Documents/Unreal Projects/Timenox/Content/Fonts/zeroes_one_Font.uasset" 188
"../../../../../Users/vijay.SILVIA/Documents/Unreal Projects/Timenox/Content/Fonts/zeroes_three.uasset" 189
"../../../../../Users/vijay.SILVIA/Documents/Unreal Projects/Timenox/Content/Fonts/zeroes_three_Font.uasset" 190
"../../../../../Users/vijay.SILVIA/Documents/Unreal Projects/Timenox/Content/Widgets/MainMenuWidget.uasset" 191
"../../../../../Users/vijay.SILVIA/Documents/Unreal Projects/Timenox/Content/Player/M_Glow.uasset" 192
"../../../../../Users/vijay.SILVIA/Documents/Unreal Projects/Timenox/Content/Player/Red_glow.uasset" 193
"../../../Engine/Content/BasicShapes/Cube.uasset" 194
"../../../../../Users/vijay.SILVIA/Documents/Unreal Projects/Timenox/Content/MobileStarterContent/Audio/Explosion01.uasset" 195
"../../../../../Users/vijay.SILVIA/Documents/Unreal Projects/Timenox/Content/MobileStarterContent/Audio/Explosion02.uasset" 196
"../../../../../Users/vijay.SILVIA/Documents/Unreal Projects/Timenox/Content/MobileStarterContent/Audio/Explosion_Cue.uasset" 197
"../../../../../Users/vijay.SILVIA/Documents/Unreal Projects/Timenox/Content/MobileStarterContent/Textures/T_Burst_M.uasset" 198
"../../../../../Users/vijay.SILVIA/Documents/Unreal Projects/Timenox/Content/MobileStarterContent/Particles/Materials/M_Burst.uasset" 199
"../../../../../Users/vijay.SILVIA/Documents/Unreal Projects/Timenox/Content/MobileStarterContent/Textures/T_Explosion_SubUV.uasset" 200
"../../../../../Users/vijay.SILVIA/Documents/Unreal Projects/Timenox/Content/MobileStarterContent/Particles/Materials/M_explosion_subUV.uasset" 201
"../../../../../Users/vijay.SILVIA/Documents/Unreal Projects/Timenox/Content/MobileStarterContent/Particles/Materials/m_flare_01.uasset" 202
"../../../Engine/Content/Functions/Engine_MaterialFunctions01/Gradient/RadialGradient.uasset" 203
"../../../../../Users/vijay.SILVIA/Documents/Unreal Projects/Timenox/Content/MobileStarterContent/Particles/Materials/M_radial_ramp.uasset" 204
"../../../../../Users/vijay.SILVIA/Documents/Unreal Projects/Timenox/Content/MobileStarterContent/Textures/T_Smoke_SubUV.uasset" 205
"../../../../../Users/vijay.SILVIA/Documents/Unreal Projects/Timenox/Content/MobileStarterContent/Textures/T_Smoke_Tiled_D.uasset" 206
"../../../../../Users/vijay.SILVIA/Documents/Unreal Projects/Timenox/Content/MobileStarterContent/Particles/Materials/M_smoke_subUV.uasset" 207
"../../../../../Users/vijay.SILVIA/Documents/Unreal Projects/Timenox/Content/MobileStarterContent/Particles/P_Explosion.uasset" 208
"../../../../../Users/vijay.SILVIA/Documents/Unreal Projects/Timenox/Content/Enemies/DefaultProjectile.uasset" 209
"../../../../../Users/vijay.SILVIA/Documents/Unreal Projects/Timenox/Content/Fonts/nextArt/NEXT_ART_Light.uasset" 210
"../../../../../Users/vijay.SILVIA/Documents/Unreal Projects/Timenox/Content/Fonts/nextArt/NEXT_ART_Light_Font.uasset" 211
"../../../../../Users/vijay.SILVIA/Documents/Unreal Projects/Timenox/Content/Main/Blueprints/HudImages/Statusbar/mybar.uasset" 212
"../../../../../Users/vijay.SILVIA/Documents/Unreal Projects/Timenox/Content/Main/Blueprints/HudImages/Statusbar/M_ProgressbarFill.uasset" 213
"../../../../../Users/vijay.SILVIA/Documents/Unreal Projects/Timenox/Content/Main/Blueprints/HudImages/Statusbar/MI_ProgressFill.uasset" 214
"../../../../../Users/vijay.SILVIA/Documents/Unreal Projects/Timenox/Content/Main/Blueprints/HudImages/Statusbar/BG.uasset" 215
"../../../../../Users/vijay.SILVIA/Documents/Unreal Projects/Timenox/Content/Main/Blueprints/Widgets/W_StatBar.uasset" 216
"../../../../../Users/vijay.SILVIA/Documents/Unreal Projects/Timenox/Content/Widgets/EnemyBar.uasset" 217
"../../../../../Users/vijay.SILVIA/Documents/Unreal Projects/Timenox/Content/Enemies/laser4.uasset" 218
"../../../../../Users/vijay.SILVIA/Documents/Unreal Projects/Timenox/Content/Enemies/Turrets/TurretMat.uasset" 219
"../../../../../Users/vijay.SILVIA/Documents/Unreal Projects/Timenox/Content/Player/TowerGlowMat.uasset" 220
"../../../../../Users/vijay.SILVIA/Documents/Unreal Projects/Timenox/Content/Enemies/Turrets/TurretBase.uasset" 221
"../../../../../Users/vijay.SILVIA/Documents/Unreal Projects/Timenox/Content/Enemies/Turrets/TurretHeadfbx.uasset" 222
"../../../../../Users/vijay.SILVIA/Documents/Unreal Projects/Timenox/Content/Widgets/DamageNumber.uasset" 223
"../../../../../Users/vijay.SILVIA/Documents/Unreal Projects/Timenox/Content/Widgets/crosshair131.uasset" 224
"../../../../../Users/vijay.SILVIA/Documents/Unreal Projects/Timenox/Content/Widgets/TargetCircle.uasset" 225
"../../../../../Users/vijay.SILVIA/Documents/Unreal Projects/Timenox/Content/Enemies/Turrets/Turret_Basic.uasset" 226
"../../../../../Users/vijay.SILVIA/Documents/Unreal Projects/Timenox/Content/Player/Green_Glow.uasset" 227
"../../../../../Users/vijay.SILVIA/Documents/Unreal Projects/Timenox/Content/Player/PlayerProjectile.uasset" 228
"../../../../../Users/vijay.SILVIA/Documents/Unreal Projects/Timenox/Content/Player/M_Player_Glow.uasset" 229
"../../../../../Users/vijay.SILVIA/Documents/Unreal Projects/Timenox/Content/InputMethod.uasset" 230
"../../../../../Users/vijay.SILVIA/Documents/Unreal Projects/Timenox/Content/Player/FX/M_Trail.uasset" 231
"../../../../../Users/vijay.SILVIA/Documents/Unreal Projects/Timenox/Content/Player/FX/Trail.uasset" 232
"../../../../../Users/vijay.SILVIA/Documents/Unreal Projects/Timenox/Content/Player/Player.uasset" 233
"../../../../../Users/vijay.SILVIA/Documents/Unreal Projects/Timenox/Content/Player/PlayerBarrel.uasset" 234
"../../../../../Users/vijay.SILVIA/Documents/Unreal Projects/Timenox/Content/TouchInterface/shadedDark01.uasset" 235
"../../../../../Users/vijay.SILVIA/Documents/Unreal Projects/Timenox/Content/TouchInterface/shadedDark07.uasset" 236
"../../../../../Users/vijay.SILVIA/Documents/Unreal Projects/Timenox/Content/TouchInterface/TimenoxTouchInterface.uasset" 237
"../../../../../Users/vijay.SILVIA/Documents/Unreal Projects/Timenox/Content/Widgets/circle-02-hit.uasset" 238
"../../../../../Users/vijay.SILVIA/Documents/Unreal Projects/Timenox/Content/Widgets/Reticle.uasset" 239
"../../../../../Users/vijay.SILVIA/Documents/Unreal Projects/Timenox/Content/Player/BP_Player.uasset" 240
"../../../../../Users/vijay.SILVIA/Documents/Unreal Projects/Timenox/Content/TimenoxGameSave.uasset" 241
"../../../../../Users/vijay.SILVIA/Documents/Unreal Projects/Timenox/Content/GI_Timenox.uasset" 242
"../../../../../Users/vijay.SILVIA/Documents/Unreal Projects/Timenox/Content/Widgets/Settings.uasset" 243
"../../../../../Users/vijay.SILVIA/Documents/Unreal Projects/Timenox/Content/Widgets/MenuContainer.uasset" 244
"../../../../../Users/vijay.SILVIA/Documents/Unreal Projects/Timenox/Content/Levels/MainMenu.umap" 245
"../../../Engine/Content/BasicShapes/BasicShapeMaterial.uasset" 246
"../../../../../Users/vijay.SILVIA/Documents/Unreal Projects/Timenox/Content/Enemies/Turrets/Mat_LaserBeam.uasset" 247
"../../../../../Users/vijay.SILVIA/Documents/Unreal Projects/Timenox/Content/Enemies/Turrets/Par_LaserBeam.uasset" 248
"../../../../../Users/vijay.SILVIA/Documents/Unreal Projects/Timenox/Content/Enemies/Turrets/Turret_Sniper.uasset" 249
"../../../../../Users/vijay.SILVIA/Documents/Unreal Projects/Timenox/Content/GM_Timenox.uasset" 250
"../../../../../Users/vijay.SILVIA/Documents/Unreal Projects/Timenox/Content/Levels/GoalCube.uasset" 251
"../../../../../Users/vijay.SILVIA/Documents/Unreal Projects/Timenox/Content/Levels/BP_Goal.uasset" 252
"../../../../../Users/vijay.SILVIA/Documents/Unreal Projects/Timenox/Content/Levels/TestLevel_BuiltData.uasset" 253
"../../../Engine/Content/Functions/Engine_MaterialFunctions02/Texturing/CustomRotator.uasset" 254
"../../../../../Users/vijay.SILVIA/Documents/Unreal Projects/Timenox/Content/Hand_Painted_Starter_Kit/Texture/Vol_7_3_Ambient_Occlusion.uasset" 255
"../../../../../Users/vijay.SILVIA/Documents/Unreal Projects/Timenox/Content/Hand_Painted_Starter_Kit/Texture/Vol_7_3_Base_Color.uasset" 256
"../../../../../Users/vijay.SILVIA/Documents/Unreal Projects/Timenox/Content/Hand_Painted_Starter_Kit/Texture/Vol_7_3_Normal.uasset" 257
"../../../../../Users/vijay.SILVIA/Documents/Unreal Projects/Timenox/Content/Hand_Painted_Starter_Kit/Texture/Vol_7_3_Roughness.uasset" 258
"../../../../../Users/vijay.SILVIA/Documents/Unreal Projects/Timenox/Content/Hand_Painted_Starter_Kit/Material/Vol_7_3.uasset" 259
"../../../../../Users/vijay.SILVIA/Documents/Unreal Projects/Timenox/Content/Hand_Painted_Starter_Kit/Material/Instances/Vol_7_3_Inst.uasset" 260
"../../../Engine/Content/EngineResources/GrayTextureCube.uasset" 261
"../../../../../Users/vijay.SILVIA/Documents/Unreal Projects/Timenox/Content/Player/White_Glow.uasset" 262
"../../../../../Users/vijay.SILVIA/Documents/Unreal Projects/Timenox/Content/Levels/BasicCube.uasset" 263
"../../../../../Users/vijay.SILVIA/Documents/Unreal Projects/Timenox/Content/Levels/BlockMat.uasset" 264
"../../../../../Users/vijay.SILVIA/Documents/Unreal Projects/Timenox/Content/Levels/BasicCuboid.uasset" 265
"../../../Engine/Content/EngineSounds/Master.uasset" 266
"../../../Engine/Content/EngineSounds/Music.uasset" 267
"../../../../../Users/vijay.SILVIA/Documents/Unreal Projects/Timenox/Content/Music/ArcadeLoop/RandomArcadeCue.uasset" 268
"../../../../../Users/vijay.SILVIA/Documents/Unreal Projects/Timenox/Content/Levels/TestLevel.umap" 269
"../../../Engine/Content/Maps/Entry_BuiltData.uasset" 270
"../../../Engine/Content/Maps/Entry.umap" 271
